#
# There is insufficient memory for the Java Runtime Environment to continue.
# Native memory allocation (malloc) failed to allocate 2343936 bytes for Chunk::new
# Possible reasons:
#   The system is out of physical RAM or swap space
#   The process is running with CompressedOops enabled, and the Java Heap may be blocking the growth of the native heap
# Possible solutions:
#   Reduce memory load on the system
#   Increase physical memory or swap space
#   Check if swap backing store is full
#   Decrease Java heap size (-Xmx/-Xms)
#   Decrease number of Java threads
#   Decrease Java thread stack sizes (-Xss)
#   Set larger code cache with -XX:ReservedCodeCacheSize=
#   JVM is running with Unscaled Compressed Oops mode in which the Java heap is
#     placed in the first 4GB address space. The Java Heap base address is the
#     maximum limit for the native heap growth. Please use -XX:HeapBaseMinAddress
#     to set the Java Heap base and to place the Java Heap above 4GB virtual address.
# This output file may be truncated or incomplete.
#
#  Out of Memory Error (./src/hotspot/share/memory/arena.cpp:197), pid=12972, tid=12048
#
# JRE version: OpenJDK Runtime Environment (11.0.10) (build 11.0.10+0-b96-7249189)
# Java VM: OpenJDK 64-Bit Server VM (11.0.10+0-b96-7249189, mixed mode, tiered, compressed oops, g1 gc, windows-amd64)
# No core dump will be written. Minidumps are not enabled by default on client versions of Windows
#

---------------  S U M M A R Y ------------

Command Line: --add-opens=java.base/java.util=ALL-UNNAMED --add-opens=java.base/java.lang=ALL-UNNAMED --add-opens=java.base/java.lang.invoke=ALL-UNNAMED --add-opens=java.base/java.util=ALL-UNNAMED --add-opens=java.prefs/java.util.prefs=ALL-UNNAMED --add-opens=java.prefs/java.util.prefs=ALL-UNNAMED --add-opens=java.base/java.nio.charset=ALL-UNNAMED --add-opens=java.base/java.net=ALL-UNNAMED --add-opens=java.base/java.util.concurrent.atomic=ALL-UNNAMED -Xmx2048m -Dfile.encoding=UTF-8 -Duser.country -Duser.language=en -Duser.variant org.gradle.launcher.daemon.bootstrap.GradleDaemon 7.0.2

Host: Intel(R) Core(TM) i5-2450M CPU @ 2.50GHz, 4 cores, 7G,  Windows 10 , 64 bit Build 19041 (10.0.19041.546)
Time: Sat Nov  6 09:43:10 2021 RTZ 2 (зима) elapsed time: 1627.659428 seconds (0d 0h 27m 7s)

---------------  T H R E A D  ---------------

Current thread (0x0000019879e6e800):  JavaThread "C2 CompilerThread1" daemon [_thread_in_native, id=12048, stack(0x00000081d5400000,0x00000081d5500000)]


Current CompileTask:
C2:1627659 33794       4       com.android.tools.r8.ir.regalloc.a::a (3985 bytes)

Stack: [0x00000081d5400000,0x00000081d5500000]
Native frames: (J=compiled Java code, j=interpreted, Vv=VM code, C=native code)
V  [jvm.dll+0x5ecfaa]
V  [jvm.dll+0x722bd5]
V  [jvm.dll+0x72412d]
V  [jvm.dll+0x7247e3]
V  [jvm.dll+0x242928]
V  [jvm.dll+0xbc4fc]
V  [jvm.dll+0xbca0c]
V  [jvm.dll+0x2b4fd4]
V  [jvm.dll+0x506028]
V  [jvm.dll+0x203253]
V  [jvm.dll+0x1fd07c]
V  [jvm.dll+0x1fa77f]
V  [jvm.dll+0x18354c]
V  [jvm.dll+0x208ee7]
V  [jvm.dll+0x207731]
V  [jvm.dll+0x6eb1cf]
V  [jvm.dll+0x6e3d45]
V  [jvm.dll+0x5ebe96]
C  [ucrtbase.dll+0x214c2]
C  [KERNEL32.DLL+0x17034]
C  [ntdll.dll+0x4cec1]


---------------  P R O C E S S  ---------------

Threads class SMR info:
_java_thread_list=0x00000198019436e0, length=66, elements={
0x0000019855e18000, 0x00000198701ac000, 0x00000198701ae000, 0x00000198701cc800,
0x00000198701ce000, 0x00000198701d0000, 0x00000198701d7000, 0x00000198701da800,
0x00000198701df000, 0x0000019870ce2800, 0x000001987239d000, 0x0000019870d99000,
0x000001987333b800, 0x0000019871a6e000, 0x0000019871a72800, 0x0000019871a6d000,
0x0000019871a6e800, 0x0000019871a6f800, 0x00000198747cd800, 0x00000198747ce800,
0x00000198747cf800, 0x00000198747d0000, 0x00000198747cb800, 0x00000198747d2000,
0x00000198747d8800, 0x00000198789e5000, 0x00000198789e3000, 0x00000198789de000,
0x00000198747ca800, 0x00000198747d1000, 0x00000198747d6000, 0x00000198747d7800,
0x00000198747d2800, 0x00000198747d9000, 0x00000198747d3800, 0x00000198789df000,
0x00000198789e4000, 0x00000198789e0000, 0x00000198789e5800, 0x00000198789e6800,
0x00000198789e0800, 0x00000198789ed000, 0x00000198789e7000, 0x00000198789e8000,
0x00000198789e9000, 0x00000198789ea800, 0x00000198789ec000, 0x0000019871a71000,
0x0000019871a72000, 0x0000019879e63000, 0x0000019879e66000, 0x0000019879e67000,
0x0000019879e64800, 0x0000019879e62000, 0x0000019879e6b000, 0x0000019879e65800,
0x0000019879e63800, 0x0000019879e69800, 0x0000019879e6a000, 0x0000019879e61000,
0x0000019879e67800, 0x0000019879e6d800, 0x0000019879e6f000, 0x0000019879e6c000,
0x0000019879e6c800, 0x0000019879e6e800
}

Java Threads: ( => current thread )
  0x0000019855e18000 JavaThread "main" [_thread_blocked, id=3760, stack(0x00000081d0b00000,0x00000081d0c00000)]
  0x00000198701ac000 JavaThread "Reference Handler" daemon [_thread_blocked, id=7732, stack(0x00000081d1200000,0x00000081d1300000)]
  0x00000198701ae000 JavaThread "Finalizer" daemon [_thread_blocked, id=15392, stack(0x00000081d1300000,0x00000081d1400000)]
  0x00000198701cc800 JavaThread "Signal Dispatcher" daemon [_thread_blocked, id=5980, stack(0x00000081d1500000,0x00000081d1600000)]
  0x00000198701ce000 JavaThread "Attach Listener" daemon [_thread_blocked, id=12540, stack(0x00000081d1600000,0x00000081d1700000)]
  0x00000198701d0000 JavaThread "Service Thread" daemon [_thread_blocked, id=12004, stack(0x00000081d1700000,0x00000081d1800000)]
  0x00000198701d7000 JavaThread "C2 CompilerThread0" daemon [_thread_in_native, id=12932, stack(0x00000081d1800000,0x00000081d1900000)]
  0x00000198701da800 JavaThread "C1 CompilerThread0" daemon [_thread_blocked, id=14444, stack(0x00000081d1900000,0x00000081d1a00000)]
  0x00000198701df000 JavaThread "Sweeper thread" daemon [_thread_blocked, id=7856, stack(0x00000081d1a00000,0x00000081d1b00000)]
  0x0000019870ce2800 JavaThread "Common-Cleaner" daemon [_thread_blocked, id=12912, stack(0x00000081d1b00000,0x00000081d1c00000)]
  0x000001987239d000 JavaThread "Daemon health stats" [_thread_blocked, id=8016, stack(0x00000081d2000000,0x00000081d2100000)]
  0x0000019870d99000 JavaThread "Incoming local TCP Connector on port 55967" [_thread_in_native, id=13948, stack(0x00000081d1d00000,0x00000081d1e00000)]
  0x000001987333b800 JavaThread "Daemon periodic checks" [_thread_blocked, id=4560, stack(0x00000081d2100000,0x00000081d2200000)]
  0x0000019871a6e000 JavaThread "Cache worker for file hash cache (C:\Users\Admin\.gradle\caches\7.0.2\fileHashes)" [_thread_blocked, id=10852, stack(0x00000081d2a00000,0x00000081d2b00000)]
  0x0000019871a72800 JavaThread "File lock request listener" [_thread_in_native, id=9088, stack(0x00000081d2b00000,0x00000081d2c00000)]
  0x0000019871a6d000 JavaThread "Cache worker for journal cache (C:\Users\Admin\.gradle\caches\journal-1)" [_thread_blocked, id=12900, stack(0x00000081d2c00000,0x00000081d2d00000)]
  0x0000019871a6e800 JavaThread "File watcher server" daemon [_thread_in_native, id=12916, stack(0x00000081d2f00000,0x00000081d3000000)]
  0x0000019871a6f800 JavaThread "File watcher consumer" daemon [_thread_blocked, id=15340, stack(0x00000081d3000000,0x00000081d3100000)]
  0x00000198747cd800 JavaThread "Cache worker for execution history cache (C:\Users\Admin\.gradle\caches\7.0.2\executionHistory)" [_thread_blocked, id=4672, stack(0x00000081d3400000,0x00000081d3500000)]
  0x00000198747ce800 JavaThread "jar transforms" [_thread_blocked, id=14828, stack(0x00000081d3500000,0x00000081d3600000)]
  0x00000198747cf800 JavaThread "jar transforms Thread 2" [_thread_blocked, id=8488, stack(0x00000081d3600000,0x00000081d3700000)]
  0x00000198747d0000 JavaThread "Cache worker for file content cache (C:\Users\Admin\.gradle\caches\7.0.2\fileContent)" [_thread_blocked, id=3416, stack(0x00000081d3700000,0x00000081d3800000)]
  0x00000198747cb800 JavaThread "jar transforms Thread 3" [_thread_blocked, id=1944, stack(0x00000081d3800000,0x00000081d3900000)]
  0x00000198747d2000 JavaThread "jar transforms Thread 4" [_thread_blocked, id=15380, stack(0x00000081d3f00000,0x00000081d4000000)]
  0x00000198747d8800 JavaThread "Memory manager" [_thread_blocked, id=14552, stack(0x00000081d4000000,0x00000081d4100000)]
  0x00000198789e5000 JavaThread "ForkJoinPool.commonPool-worker-7" daemon [_thread_blocked, id=2644, stack(0x00000081d4b00000,0x00000081d4c00000)]
  0x00000198789e3000 JavaThread "Daemon Thread 6" [_thread_blocked, id=16024, stack(0x00000081d0900000,0x00000081d0a00000)]
  0x00000198789de000 JavaThread "Daemon worker Thread 6" [_thread_in_native, id=3360, stack(0x00000081d2200000,0x00000081d2300000)]
  0x00000198747ca800 JavaThread "Handler for socket connection from /127.0.0.1:55967 to /127.0.0.1:56325" [_thread_in_native, id=14852, stack(0x00000081d0a00000,0x00000081d0b00000)]
  0x00000198747d1000 JavaThread "Cancel handler" [_thread_blocked, id=10808, stack(0x00000081d1400000,0x00000081d1500000)]
  0x00000198747d6000 JavaThread "Asynchronous log dispatcher for DefaultDaemonConnection: socket connection from /127.0.0.1:55967 to /127.0.0.1:56325" [_thread_blocked, id=2428, stack(0x00000081d2300000,0x00000081d2400000)]
  0x00000198747d7800 JavaThread "Daemon client event forwarder" [_thread_blocked, id=9492, stack(0x00000081d2500000,0x00000081d2600000)]
  0x00000198747d2800 JavaThread "Cache worker for file hash cache (E:\AndroidStudioProjects\Example\Currency_clean_modul\CUrrency_clean_v3\.gradle\7.0.2\fileHashes)" [_thread_blocked, id=15012, stack(0x00000081d2600000,0x00000081d2700000)]
  0x00000198747d9000 JavaThread "Cache worker for checksums cache (E:\AndroidStudioProjects\Example\Currency_clean_modul\CUrrency_clean_v3\.gradle\checksums)" [_thread_blocked, id=9036, stack(0x00000081d2700000,0x00000081d2800000)]
  0x00000198747d3800 JavaThread "Cache worker for cache directory md-supplier (C:\Users\Admin\.gradle\caches\7.0.2\md-supplier)" [_thread_blocked, id=12592, stack(0x00000081d2800000,0x00000081d2900000)]
  0x00000198789df000 JavaThread "Cache worker for cache directory md-rule (C:\Users\Admin\.gradle\caches\7.0.2\md-rule)" [_thread_blocked, id=620, stack(0x00000081d2d00000,0x00000081d2e00000)]
  0x00000198789e4000 JavaThread "Cache worker for dependencies-accessors (E:\AndroidStudioProjects\Example\Currency_clean_modul\CUrrency_clean_v3\.gradle\7.0.2\dependencies-accessors)" [_thread_blocked, id=14208, stack(0x00000081d2e00000,0x00000081d2f00000)]
  0x00000198789e0000 JavaThread "Cache worker for Build Output Cleanup Cache (E:\AndroidStudioProjects\Example\Currency_clean_modul\CUrrency_clean_v3\.gradle\buildOutputCleanup)" [_thread_blocked, id=13788, stack(0x00000081d3100000,0x00000081d3200000)]
  0x00000198789e5800 JavaThread "Build operations" [_thread_blocked, id=16176, stack(0x00000081d3200000,0x00000081d3300000)]
  0x00000198789e6800 JavaThread "Build operations Thread 2" [_thread_blocked, id=13796, stack(0x00000081d3300000,0x00000081d3400000)]
  0x00000198789e0800 JavaThread "Build operations Thread 3" [_thread_in_native, id=8684, stack(0x00000081d3900000,0x00000081d3a00000)]
  0x00000198789ed000 JavaThread "Build operations Thread 4" [_thread_blocked, id=13568, stack(0x00000081d3a00000,0x00000081d3b00000)]
  0x00000198789e7000 JavaThread "build event listener" [_thread_blocked, id=11020, stack(0x00000081d3c00000,0x00000081d3d00000)]
  0x00000198789e8000 JavaThread "Execution worker for ':'" [_thread_blocked, id=8004, stack(0x00000081d3d00000,0x00000081d3e00000)]
  0x00000198789e9000 JavaThread "Execution worker for ':' Thread 2" [_thread_blocked, id=4248, stack(0x00000081d3e00000,0x00000081d3f00000)]
  0x00000198789ea800 JavaThread "Execution worker for ':' Thread 3" [_thread_blocked, id=15272, stack(0x00000081d4100000,0x00000081d4200000)]
  0x00000198789ec000 JavaThread "Cache worker for execution history cache (E:\AndroidStudioProjects\Example\Currency_clean_modul\CUrrency_clean_v3\.gradle\7.0.2\executionHistory)" [_thread_blocked, id=12528, stack(0x00000081d4200000,0x00000081d4300000)]
  0x0000019871a71000 JavaThread "WorkerExecutor Queue" [_thread_blocked, id=13780, stack(0x00000081d4300000,0x00000081d4400000)]
  0x0000019871a72000 JavaThread "pool-12-thread-1" [_thread_blocked, id=9260, stack(0x00000081d3b00000,0x00000081d3c00000)]
  0x0000019879e63000 JavaThread "stderr" [_thread_in_native, id=11628, stack(0x00000081d4700000,0x00000081d4800000)]
  0x0000019879e66000 JavaThread "stdout" [_thread_in_native, id=10776, stack(0x00000081d4800000,0x00000081d4900000)]
  0x0000019879e67000 JavaThread "RMI Scheduler(0)" daemon [_thread_blocked, id=12084, stack(0x00000081d4500000,0x00000081d4600000)]
  0x0000019879e64800 JavaThread "RMI GC Daemon" daemon [_thread_blocked, id=1716, stack(0x00000081d4900000,0x00000081d4a00000)]
  0x0000019879e62000 JavaThread "RMI TCP Accept-0" daemon [_thread_in_native, id=14404, stack(0x00000081d4c00000,0x00000081d4d00000)]
  0x0000019879e6b000 JavaThread "RMI Reaper" [_thread_blocked, id=8280, stack(0x00000081d4d00000,0x00000081d4e00000)]
  0x0000019879e65800 JavaThread "RMI TCP Connection(idle)" daemon [_thread_blocked, id=5960, stack(0x00000081d4e00000,0x00000081d4f00000)]
  0x0000019879e63800 JavaThread "RMI TCP Connection(idle)" daemon [_thread_blocked, id=8460, stack(0x00000081d4a00000,0x00000081d4b00000)]
  0x0000019879e69800 JavaThread "Cache worker for Java compile cache (C:\Users\Admin\.gradle\caches\7.0.2\javaCompile)" [_thread_blocked, id=15720, stack(0x00000081d4f00000,0x00000081d5000000)]
  0x0000019879e6a000 JavaThread "Cache worker for Java compile cache (E:\AndroidStudioProjects\Example\Currency_clean_modul\CUrrency_clean_v3\.gradle\7.0.2\javaCompile)" [_thread_blocked, id=5072, stack(0x00000081d5000000,0x00000081d5100000)]
  0x0000019879e61000 JavaThread "WorkerExecutor Queue Thread 4" [_thread_blocked, id=6540, stack(0x00000081d2400000,0x00000081d2500000)]
  0x0000019879e67800 JavaThread "RMI TCP Connection(idle)" daemon [_thread_blocked, id=13656, stack(0x00000081d4600000,0x00000081d4700000)]
  0x0000019879e6d800 JavaThread "WorkerExecutor Queue Thread 5" [_thread_blocked, id=11864, stack(0x00000081d5200000,0x00000081d5300000)]
  0x0000019879e6f000 JavaThread "RMI TCP Connection(idle)" daemon [_thread_blocked, id=9064, stack(0x00000081d5100000,0x00000081d5200000)]
  0x0000019879e6c000 JavaThread "RMI TCP Connection(idle)" daemon [_thread_blocked, id=7404, stack(0x00000081d5300000,0x00000081d5400000)]
  0x0000019879e6c800 JavaThread "WorkerExecutor Queue Thread 6" [_thread_blocked, id=7500, stack(0x00000081d4400000,0x00000081d4500000)]
=>0x0000019879e6e800 JavaThread "C2 CompilerThread1" daemon [_thread_in_native, id=12048, stack(0x00000081d5400000,0x00000081d5500000)]

Other Threads:
  0x00000198701a7800 VMThread "VM Thread" [stack: 0x00000081d1100000,0x00000081d1200000] [id=14816]
  0x0000019870cfc000 WatcherThread [stack: 0x00000081d1c00000,0x00000081d1d00000] [id=2724]
  0x0000019855e30800 GCTaskThread "GC Thread#0" [stack: 0x00000081d0c00000,0x00000081d0d00000] [id=12364]
  0x00000198712da000 GCTaskThread "GC Thread#1" [stack: 0x00000081d1e00000,0x00000081d1f00000] [id=9228]
  0x00000198712db000 GCTaskThread "GC Thread#2" [stack: 0x00000081d1f00000,0x00000081d2000000] [id=11356]
  0x0000019870c22800 GCTaskThread "GC Thread#3" [stack: 0x00000081d2900000,0x00000081d2a00000] [id=10660]
  0x0000019855e63800 ConcurrentGCThread "G1 Main Marker" [stack: 0x00000081d0d00000,0x00000081d0e00000] [id=2832]
  0x0000019855e65000 ConcurrentGCThread "G1 Conc#0" [stack: 0x00000081d0e00000,0x00000081d0f00000] [id=16244]
  0x0000019855ef4800 ConcurrentGCThread "G1 Refine#0" [stack: 0x00000081d0f00000,0x00000081d1000000] [id=1916]
  0x0000019855ef5800 ConcurrentGCThread "G1 Young RemSet Sampling" [stack: 0x00000081d1000000,0x00000081d1100000] [id=15404]

Threads with active compile tasks:
C2 CompilerThread01630417 33743 %     4       com.android.tools.r8.ir.regalloc.a::a @ 1542 (1824 bytes)
C2 CompilerThread11630417 33794       4       com.android.tools.r8.ir.regalloc.a::a (3985 bytes)

VM state:at safepoint (normal execution)

VM Mutex/Monitor currently owned by a thread:  ([mutex/lock_event])
[0x0000019855e150a0] Threads_lock - owner thread: 0x00000198701a7800
[0x0000019855e157f0] Heap_lock - owner thread: 0x00000198789e6800

Heap address: 0x0000000080000000, size: 2048 MB, Compressed Oops mode: 32-bit
Narrow klass base: 0x0000000000000000, Narrow klass shift: 3
Compressed class space size: 1073741824 Address: 0x0000000100000000

Heap:
 garbage-first heap   total 367616K, used 219011K [0x0000000080000000, 0x0000000100000000)
  region size 1024K, 1 young (1024K), 1 survivors (1024K)
 Metaspace       used 157537K, capacity 164096K, committed 164520K, reserved 1191936K
  class space    used 19583K, capacity 21909K, committed 22092K, reserved 1048576K
Heap Regions: E=young(eden), S=young(survivor), O=old, HS=humongous(starts), HC=humongous(continues), CS=collection set, F=free, A=archive, TAMS=top-at-mark-start (previous, next)
|   0|0x0000000080000000, 0x0000000080100000, 0x0000000080100000|100%| O|  |TAMS 0x0000000080100000, 0x0000000080000000| Complete 
|   1|0x0000000080100000, 0x0000000080200000, 0x0000000080200000|100%| O|  |TAMS 0x0000000080200000, 0x0000000080100000| Untracked 
|   2|0x0000000080200000, 0x0000000080300000, 0x0000000080300000|100%| O|  |TAMS 0x0000000080300000, 0x0000000080200000| Untracked 
|   3|0x0000000080300000, 0x0000000080400000, 0x0000000080400000|100%|HS|  |TAMS 0x0000000080400000, 0x0000000080300000| Complete 
|   4|0x0000000080400000, 0x0000000080500000, 0x0000000080500000|100%|HC|  |TAMS 0x0000000080500000, 0x0000000080400000| Complete 
|   5|0x0000000080500000, 0x0000000080600000, 0x0000000080600000|100%|HC|  |TAMS 0x0000000080600000, 0x0000000080500000| Complete 
|   6|0x0000000080600000, 0x0000000080700000, 0x0000000080700000|100%| O|  |TAMS 0x0000000080700000, 0x0000000080600000| Untracked 
|   7|0x0000000080700000, 0x0000000080800000, 0x0000000080800000|100%| O|  |TAMS 0x0000000080800000, 0x0000000080700000| Untracked 
|   8|0x0000000080800000, 0x0000000080900000, 0x0000000080900000|100%| O|  |TAMS 0x0000000080900000, 0x0000000080800000| Untracked 
|   9|0x0000000080900000, 0x0000000080a00000, 0x0000000080a00000|100%| O|  |TAMS 0x0000000080a00000, 0x0000000080900000| Untracked 
|  10|0x0000000080a00000, 0x0000000080b00000, 0x0000000080b00000|100%| O|  |TAMS 0x0000000080b00000, 0x0000000080a00000| Untracked 
|  11|0x0000000080b00000, 0x0000000080c00000, 0x0000000080c00000|100%| O|  |TAMS 0x0000000080c00000, 0x0000000080b00000| Untracked 
|  12|0x0000000080c00000, 0x0000000080d00000, 0x0000000080d00000|100%| O|  |TAMS 0x0000000080d00000, 0x0000000080c00000| Untracked 
|  13|0x0000000080d00000, 0x0000000080e00000, 0x0000000080e00000|100%| O|  |TAMS 0x0000000080e00000, 0x0000000080d00000| Untracked 
|  14|0x0000000080e00000, 0x0000000080f00000, 0x0000000080f00000|100%| O|  |TAMS 0x0000000080f00000, 0x0000000080e00000| Untracked 
|  15|0x0000000080f00000, 0x0000000081000000, 0x0000000081000000|100%| O|  |TAMS 0x0000000081000000, 0x0000000080f00000| Untracked 
|  16|0x0000000081000000, 0x0000000081100000, 0x0000000081100000|100%| O|  |TAMS 0x0000000081100000, 0x0000000081000000| Untracked 
|  17|0x0000000081100000, 0x0000000081200000, 0x0000000081200000|100%| O|  |TAMS 0x0000000081200000, 0x0000000081100000| Untracked 
|  18|0x0000000081200000, 0x0000000081300000, 0x0000000081300000|100%| O|  |TAMS 0x0000000081300000, 0x0000000081200000| Untracked 
|  19|0x0000000081300000, 0x0000000081400000, 0x0000000081400000|100%| O|  |TAMS 0x0000000081400000, 0x0000000081300000| Untracked 
|  20|0x0000000081400000, 0x0000000081500000, 0x0000000081500000|100%| O|  |TAMS 0x0000000081500000, 0x0000000081400000| Complete 
|  21|0x0000000081500000, 0x0000000081600000, 0x0000000081600000|100%| O|  |TAMS 0x0000000081600000, 0x0000000081500000| Complete 
|  22|0x0000000081600000, 0x0000000081700000, 0x0000000081700000|100%| O|  |TAMS 0x0000000081700000, 0x0000000081600000| Complete 
|  23|0x0000000081700000, 0x0000000081800000, 0x0000000081800000|100%| O|  |TAMS 0x0000000081800000, 0x0000000081700000| Untracked 
|  24|0x0000000081800000, 0x0000000081900000, 0x0000000081900000|100%| O|  |TAMS 0x0000000081900000, 0x0000000081800000| Untracked 
|  25|0x0000000081900000, 0x0000000081a00000, 0x0000000081a00000|100%| O|  |TAMS 0x0000000081a00000, 0x0000000081900000| Complete 
|  26|0x0000000081a00000, 0x0000000081b00000, 0x0000000081b00000|100%|HS|  |TAMS 0x0000000081b00000, 0x0000000081a00000| Complete 
|  27|0x0000000081b00000, 0x0000000081c00000, 0x0000000081c00000|100%|HS|  |TAMS 0x0000000081c00000, 0x0000000081b00000| Complete 
|  28|0x0000000081c00000, 0x0000000081d00000, 0x0000000081d00000|100%|HS|  |TAMS 0x0000000081d00000, 0x0000000081c00000| Complete 
|  29|0x0000000081d00000, 0x0000000081e00000, 0x0000000081e00000|100%|HS|  |TAMS 0x0000000081e00000, 0x0000000081d00000| Complete 
|  30|0x0000000081e00000, 0x0000000081f00000, 0x0000000081f00000|100%|HC|  |TAMS 0x0000000081f00000, 0x0000000081e00000| Complete 
|  31|0x0000000081f00000, 0x0000000082000000, 0x0000000082000000|100%|HC|  |TAMS 0x0000000082000000, 0x0000000081f00000| Complete 
|  32|0x0000000082000000, 0x0000000082100000, 0x0000000082100000|100%|HS|  |TAMS 0x0000000082100000, 0x0000000082000000| Complete 
|  33|0x0000000082100000, 0x0000000082200000, 0x0000000082200000|100%|HC|  |TAMS 0x0000000082200000, 0x0000000082100000| Complete 
|  34|0x0000000082200000, 0x0000000082300000, 0x0000000082300000|100%| O|  |TAMS 0x0000000082300000, 0x0000000082200000| Complete 
|  35|0x0000000082300000, 0x0000000082400000, 0x0000000082400000|100%| O|  |TAMS 0x0000000082400000, 0x0000000082300000| Complete 
|  36|0x0000000082400000, 0x0000000082500000, 0x0000000082500000|100%| O|  |TAMS 0x0000000082500000, 0x0000000082400000| Untracked 
|  37|0x0000000082500000, 0x0000000082600000, 0x0000000082600000|100%| O|  |TAMS 0x0000000082600000, 0x0000000082500000| Untracked 
|  38|0x0000000082600000, 0x0000000082700000, 0x0000000082700000|100%| O|  |TAMS 0x0000000082700000, 0x0000000082600000| Untracked 
|  39|0x0000000082700000, 0x0000000082800000, 0x0000000082800000|100%| O|  |TAMS 0x0000000082800000, 0x0000000082700000| Complete 
|  40|0x0000000082800000, 0x0000000082900000, 0x0000000082900000|100%| O|  |TAMS 0x0000000082900000, 0x0000000082800000| Complete 
|  41|0x0000000082900000, 0x0000000082a00000, 0x0000000082a00000|100%| O|  |TAMS 0x0000000082a00000, 0x0000000082900000| Complete 
|  42|0x0000000082a00000, 0x0000000082b00000, 0x0000000082b00000|100%| O|  |TAMS 0x0000000082b00000, 0x0000000082a00000| Complete 
|  43|0x0000000082b00000, 0x0000000082c00000, 0x0000000082c00000|100%| O|  |TAMS 0x0000000082c00000, 0x0000000082b00000| Untracked 
|  44|0x0000000082c00000, 0x0000000082d00000, 0x0000000082d00000|100%| O|  |TAMS 0x0000000082d00000, 0x0000000082c00000| Complete 
|  45|0x0000000082d00000, 0x0000000082e00000, 0x0000000082e00000|100%| O|  |TAMS 0x0000000082e00000, 0x0000000082d00000| Untracked 
|  46|0x0000000082e00000, 0x0000000082f00000, 0x0000000082f00000|100%| O|  |TAMS 0x0000000082f00000, 0x0000000082e00000| Untracked 
|  47|0x0000000082f00000, 0x0000000083000000, 0x0000000083000000|100%| O|  |TAMS 0x0000000083000000, 0x0000000082f00000| Untracked 
|  48|0x0000000083000000, 0x0000000083100000, 0x0000000083100000|100%| O|  |TAMS 0x0000000083100000, 0x0000000083000000| Complete 
|  49|0x0000000083100000, 0x0000000083200000, 0x0000000083200000|100%| O|  |TAMS 0x0000000083200000, 0x0000000083100000| Untracked 
|  50|0x0000000083200000, 0x0000000083300000, 0x0000000083300000|100%| O|  |TAMS 0x0000000083300000, 0x0000000083200000| Untracked 
|  51|0x0000000083300000, 0x0000000083400000, 0x0000000083400000|100%| O|  |TAMS 0x0000000083400000, 0x0000000083300000| Untracked 
|  52|0x0000000083400000, 0x0000000083500000, 0x0000000083500000|100%| O|  |TAMS 0x0000000083500000, 0x0000000083400000| Untracked 
|  53|0x0000000083500000, 0x0000000083600000, 0x0000000083600000|100%| O|  |TAMS 0x0000000083600000, 0x0000000083500000| Complete 
|  54|0x0000000083600000, 0x0000000083700000, 0x0000000083700000|100%| O|  |TAMS 0x0000000083700000, 0x0000000083600000| Untracked 
|  55|0x0000000083700000, 0x0000000083800000, 0x0000000083800000|100%| O|  |TAMS 0x0000000083800000, 0x0000000083700000| Untracked 
|  56|0x0000000083800000, 0x0000000083900000, 0x0000000083900000|100%| O|  |TAMS 0x0000000083900000, 0x0000000083800000| Complete 
|  57|0x0000000083900000, 0x0000000083a00000, 0x0000000083a00000|100%| O|  |TAMS 0x0000000083a00000, 0x0000000083900000| Complete 
|  58|0x0000000083a00000, 0x0000000083b00000, 0x0000000083b00000|100%| O|  |TAMS 0x0000000083b00000, 0x0000000083a00000| Complete 
|  59|0x0000000083b00000, 0x0000000083c00000, 0x0000000083c00000|100%|HS|  |TAMS 0x0000000083b00000, 0x0000000083b00000| Complete 
|  60|0x0000000083c00000, 0x0000000083d00000, 0x0000000083d00000|100%| O|  |TAMS 0x0000000083d00000, 0x0000000083c00000| Untracked 
|  61|0x0000000083d00000, 0x0000000083e00000, 0x0000000083e00000|100%| O|  |TAMS 0x0000000083e00000, 0x0000000083d00000| Untracked 
|  62|0x0000000083e00000, 0x0000000083f00000, 0x0000000083f00000|100%| O|  |TAMS 0x0000000083f00000, 0x0000000083e00000| Complete 
|  63|0x0000000083f00000, 0x0000000084000000, 0x0000000084000000|100%| O|  |TAMS 0x0000000084000000, 0x0000000083f00000| Untracked 
|  64|0x0000000084000000, 0x0000000084100000, 0x0000000084100000|100%| O|  |TAMS 0x0000000084100000, 0x0000000084000000| Untracked 
|  65|0x0000000084100000, 0x0000000084200000, 0x0000000084200000|100%| O|  |TAMS 0x0000000084200000, 0x0000000084100000| Untracked 
|  66|0x0000000084200000, 0x0000000084200000, 0x0000000084300000|  0%| F|  |TAMS 0x0000000084200000, 0x0000000084200000| Untracked 
|  67|0x0000000084300000, 0x0000000084400000, 0x0000000084400000|100%| O|  |TAMS 0x0000000084400000, 0x0000000084300000| Untracked 
|  68|0x0000000084400000, 0x0000000084500000, 0x0000000084500000|100%| O|  |TAMS 0x0000000084500000, 0x0000000084400000| Untracked 
|  69|0x0000000084500000, 0x0000000084600000, 0x0000000084600000|100%| O|  |TAMS 0x0000000084600000, 0x0000000084500000| Untracked 
|  70|0x0000000084600000, 0x0000000084700000, 0x0000000084700000|100%| O|  |TAMS 0x0000000084700000, 0x0000000084600000| Untracked 
|  71|0x0000000084700000, 0x0000000084800000, 0x0000000084800000|100%| O|  |TAMS 0x0000000084800000, 0x0000000084700000| Complete 
|  72|0x0000000084800000, 0x0000000084900000, 0x0000000084900000|100%| O|  |TAMS 0x0000000084900000, 0x0000000084800000| Complete 
|  73|0x0000000084900000, 0x0000000084a00000, 0x0000000084a00000|100%| O|  |TAMS 0x0000000084a00000, 0x0000000084900000| Untracked 
|  74|0x0000000084a00000, 0x0000000084b00000, 0x0000000084b00000|100%| O|  |TAMS 0x0000000084b00000, 0x0000000084a00000| Untracked 
|  75|0x0000000084b00000, 0x0000000084c00000, 0x0000000084c00000|100%| O|  |TAMS 0x0000000084c00000, 0x0000000084b00000| Complete 
|  76|0x0000000084c00000, 0x0000000084d00000, 0x0000000084d00000|100%| O|  |TAMS 0x0000000084d00000, 0x0000000084c00000| Untracked 
|  77|0x0000000084d00000, 0x0000000084e00000, 0x0000000084e00000|100%| O|  |TAMS 0x0000000084e00000, 0x0000000084d00000| Complete 
|  78|0x0000000084e00000, 0x0000000084f00000, 0x0000000084f00000|100%| O|  |TAMS 0x0000000084f00000, 0x0000000084e00000| Untracked 
|  79|0x0000000084f00000, 0x0000000085000000, 0x0000000085000000|100%| O|  |TAMS 0x0000000085000000, 0x0000000084f00000| Untracked 
|  80|0x0000000085000000, 0x0000000085100000, 0x0000000085100000|100%| O|  |TAMS 0x0000000085100000, 0x0000000085000000| Complete 
|  81|0x0000000085100000, 0x0000000085200000, 0x0000000085200000|100%| O|  |TAMS 0x0000000085200000, 0x0000000085100000| Complete 
|  82|0x0000000085200000, 0x0000000085300000, 0x0000000085300000|100%| O|  |TAMS 0x0000000085300000, 0x0000000085200000| Complete 
|  83|0x0000000085300000, 0x0000000085300000, 0x0000000085400000|  0%| F|  |TAMS 0x0000000085300000, 0x0000000085300000| Untracked 
|  84|0x0000000085400000, 0x0000000085500000, 0x0000000085500000|100%| O|  |TAMS 0x0000000085500000, 0x0000000085400000| Untracked 
|  85|0x0000000085500000, 0x0000000085600000, 0x0000000085600000|100%| O|  |TAMS 0x0000000085600000, 0x0000000085500000| Untracked 
|  86|0x0000000085600000, 0x0000000085700000, 0x0000000085700000|100%| O|  |TAMS 0x0000000085700000, 0x0000000085600000| Untracked 
|  87|0x0000000085700000, 0x0000000085800000, 0x0000000085800000|100%| O|  |TAMS 0x0000000085800000, 0x0000000085700000| Untracked 
|  88|0x0000000085800000, 0x0000000085900000, 0x0000000085900000|100%| O|  |TAMS 0x0000000085900000, 0x0000000085800000| Untracked 
|  89|0x0000000085900000, 0x0000000085a00000, 0x0000000085a00000|100%| O|  |TAMS 0x0000000085a00000, 0x0000000085900000| Complete 
|  90|0x0000000085a00000, 0x0000000085b00000, 0x0000000085b00000|100%| O|  |TAMS 0x0000000085b00000, 0x0000000085a00000| Untracked 
|  91|0x0000000085b00000, 0x0000000085c00000, 0x0000000085c00000|100%| O|  |TAMS 0x0000000085c00000, 0x0000000085b00000| Complete 
|  92|0x0000000085c00000, 0x0000000085d00000, 0x0000000085d00000|100%| O|  |TAMS 0x0000000085c00000, 0x0000000085c00000| Untracked 
|  93|0x0000000085d00000, 0x0000000085e00000, 0x0000000085e00000|100%| O|  |TAMS 0x0000000085e00000, 0x0000000085d00000| Untracked 
|  94|0x0000000085e00000, 0x0000000085f00000, 0x0000000085f00000|100%| O|  |TAMS 0x0000000085f00000, 0x0000000085e00000| Untracked 
|  95|0x0000000085f00000, 0x0000000086000000, 0x0000000086000000|100%| O|  |TAMS 0x0000000086000000, 0x0000000085f00000| Untracked 
|  96|0x0000000086000000, 0x0000000086100000, 0x0000000086100000|100%| O|  |TAMS 0x0000000086000000, 0x0000000086000000| Untracked 
|  97|0x0000000086100000, 0x0000000086200000, 0x0000000086200000|100%| O|  |TAMS 0x0000000086200000, 0x0000000086100000| Complete 
|  98|0x0000000086200000, 0x0000000086300000, 0x0000000086300000|100%| O|  |TAMS 0x0000000086300000, 0x0000000086200000| Complete 
|  99|0x0000000086300000, 0x0000000086400000, 0x0000000086400000|100%| O|  |TAMS 0x0000000086400000, 0x0000000086300000| Untracked 
| 100|0x0000000086400000, 0x0000000086500000, 0x0000000086500000|100%| O|  |TAMS 0x0000000086500000, 0x0000000086400000| Complete 
| 101|0x0000000086500000, 0x0000000086600000, 0x0000000086600000|100%| O|  |TAMS 0x0000000086600000, 0x0000000086500000| Complete 
| 102|0x0000000086600000, 0x0000000086700000, 0x0000000086700000|100%| O|  |TAMS 0x0000000086700000, 0x0000000086600000| Untracked 
| 103|0x0000000086700000, 0x0000000086800000, 0x0000000086800000|100%| O|  |TAMS 0x0000000086800000, 0x0000000086700000| Untracked 
| 104|0x0000000086800000, 0x0000000086900000, 0x0000000086900000|100%| O|  |TAMS 0x0000000086900000, 0x0000000086800000| Untracked 
| 105|0x0000000086900000, 0x0000000086a00000, 0x0000000086a00000|100%| O|  |TAMS 0x0000000086a00000, 0x0000000086900000| Untracked 
| 106|0x0000000086a00000, 0x0000000086b00000, 0x0000000086b00000|100%| O|  |TAMS 0x0000000086b00000, 0x0000000086a00000| Untracked 
| 107|0x0000000086b00000, 0x0000000086c00000, 0x0000000086c00000|100%| O|  |TAMS 0x0000000086c00000, 0x0000000086b00000| Complete 
| 108|0x0000000086c00000, 0x0000000086d00000, 0x0000000086d00000|100%| O|  |TAMS 0x0000000086d00000, 0x0000000086c00000| Untracked 
| 109|0x0000000086d00000, 0x0000000086e00000, 0x0000000086e00000|100%| O|  |TAMS 0x0000000086e00000, 0x0000000086d00000| Untracked 
| 110|0x0000000086e00000, 0x0000000086f00000, 0x0000000086f00000|100%| O|  |TAMS 0x0000000086f00000, 0x0000000086e00000| Complete 
| 111|0x0000000086f00000, 0x0000000087000000, 0x0000000087000000|100%| O|  |TAMS 0x0000000087000000, 0x0000000086f00000| Untracked 
| 112|0x0000000087000000, 0x0000000087100000, 0x0000000087100000|100%| O|  |TAMS 0x0000000087100000, 0x0000000087000000| Complete 
| 113|0x0000000087100000, 0x0000000087200000, 0x0000000087200000|100%| O|  |TAMS 0x0000000087200000, 0x0000000087100000| Untracked 
| 114|0x0000000087200000, 0x0000000087300000, 0x0000000087300000|100%| O|  |TAMS 0x0000000087300000, 0x0000000087200000| Complete 
| 115|0x0000000087300000, 0x0000000087400000, 0x0000000087400000|100%| O|  |TAMS 0x0000000087400000, 0x0000000087300000| Untracked 
| 116|0x0000000087400000, 0x0000000087500000, 0x0000000087500000|100%| O|  |TAMS 0x0000000087500000, 0x0000000087400000| Untracked 
| 117|0x0000000087500000, 0x0000000087600000, 0x0000000087600000|100%| O|  |TAMS 0x0000000087600000, 0x0000000087500000| Untracked 
| 118|0x0000000087600000, 0x0000000087700000, 0x0000000087700000|100%| O|  |TAMS 0x0000000087700000, 0x0000000087600000| Untracked 
| 119|0x0000000087700000, 0x0000000087800000, 0x0000000087800000|100%| O|  |TAMS 0x0000000087800000, 0x0000000087700000| Complete 
| 120|0x0000000087800000, 0x0000000087900000, 0x0000000087900000|100%| O|  |TAMS 0x0000000087900000, 0x0000000087800000| Untracked 
| 121|0x0000000087900000, 0x0000000087a00000, 0x0000000087a00000|100%| O|  |TAMS 0x0000000087a00000, 0x0000000087900000| Untracked 
| 122|0x0000000087a00000, 0x0000000087b00000, 0x0000000087b00000|100%| O|  |TAMS 0x0000000087b00000, 0x0000000087a00000| Untracked 
| 123|0x0000000087b00000, 0x0000000087c00000, 0x0000000087c00000|100%| O|  |TAMS 0x0000000087c00000, 0x0000000087b00000| Untracked 
| 124|0x0000000087c00000, 0x0000000087d00000, 0x0000000087d00000|100%| O|  |TAMS 0x0000000087d00000, 0x0000000087c00000| Untracked 
| 125|0x0000000087d00000, 0x0000000087e00000, 0x0000000087e00000|100%| O|  |TAMS 0x0000000087e00000, 0x0000000087d00000| Untracked 
| 126|0x0000000087e00000, 0x0000000087f00000, 0x0000000087f00000|100%| O|  |TAMS 0x0000000087f00000, 0x0000000087e00000| Complete 
| 127|0x0000000087f00000, 0x0000000088000000, 0x0000000088000000|100%| O|  |TAMS 0x0000000088000000, 0x0000000087f00000| Untracked 
| 128|0x0000000088000000, 0x0000000088100000, 0x0000000088100000|100%| O|  |TAMS 0x0000000088100000, 0x0000000088000000| Untracked 
| 129|0x0000000088100000, 0x0000000088200000, 0x0000000088200000|100%| O|  |TAMS 0x0000000088200000, 0x0000000088100000| Untracked 
| 130|0x0000000088200000, 0x0000000088300000, 0x0000000088300000|100%| O|  |TAMS 0x0000000088300000, 0x0000000088200000| Untracked 
| 131|0x0000000088300000, 0x0000000088400000, 0x0000000088400000|100%| O|  |TAMS 0x0000000088400000, 0x0000000088300000| Untracked 
| 132|0x0000000088400000, 0x0000000088500000, 0x0000000088500000|100%| O|  |TAMS 0x0000000088500000, 0x0000000088400000| Untracked 
| 133|0x0000000088500000, 0x0000000088600000, 0x0000000088600000|100%| O|  |TAMS 0x0000000088600000, 0x0000000088500000| Untracked 
| 134|0x0000000088600000, 0x0000000088700000, 0x0000000088700000|100%| O|  |TAMS 0x0000000088700000, 0x0000000088600000| Untracked 
| 135|0x0000000088700000, 0x0000000088800000, 0x0000000088800000|100%| O|  |TAMS 0x0000000088800000, 0x0000000088700000| Untracked 
| 136|0x0000000088800000, 0x0000000088900000, 0x0000000088900000|100%|HS|  |TAMS 0x0000000088900000, 0x0000000088800000| Complete 
| 137|0x0000000088900000, 0x0000000088a00000, 0x0000000088a00000|100%|HC|  |TAMS 0x0000000088a00000, 0x0000000088900000| Complete 
| 138|0x0000000088a00000, 0x0000000088b00000, 0x0000000088b00000|100%|HS|  |TAMS 0x0000000088b00000, 0x0000000088a00000| Complete 
| 139|0x0000000088b00000, 0x0000000088c00000, 0x0000000088c00000|100%|HC|  |TAMS 0x0000000088c00000, 0x0000000088b00000| Complete 
| 140|0x0000000088c00000, 0x0000000088d00000, 0x0000000088d00000|100%|HC|  |TAMS 0x0000000088d00000, 0x0000000088c00000| Complete 
| 141|0x0000000088d00000, 0x0000000088e00000, 0x0000000088e00000|100%| O|  |TAMS 0x0000000088e00000, 0x0000000088d00000| Untracked 
| 142|0x0000000088e00000, 0x0000000088f00000, 0x0000000088f00000|100%| O|  |TAMS 0x0000000088f00000, 0x0000000088e00000| Untracked 
| 143|0x0000000088f00000, 0x0000000089000000, 0x0000000089000000|100%|HS|  |TAMS 0x0000000089000000, 0x0000000088f00000| Complete 
| 144|0x0000000089000000, 0x0000000089100000, 0x0000000089100000|100%|HC|  |TAMS 0x0000000089100000, 0x0000000089000000| Complete 
| 145|0x0000000089100000, 0x0000000089200000, 0x0000000089200000|100%|HC|  |TAMS 0x0000000089200000, 0x0000000089100000| Complete 
| 146|0x0000000089200000, 0x0000000089300000, 0x0000000089300000|100%|HC|  |TAMS 0x0000000089300000, 0x0000000089200000| Complete 
| 147|0x0000000089300000, 0x0000000089400000, 0x0000000089400000|100%|HC|  |TAMS 0x0000000089400000, 0x0000000089300000| Complete 
| 148|0x0000000089400000, 0x0000000089500000, 0x0000000089500000|100%|HS|  |TAMS 0x0000000089500000, 0x0000000089400000| Complete 
| 149|0x0000000089500000, 0x0000000089600000, 0x0000000089600000|100%|HC|  |TAMS 0x0000000089600000, 0x0000000089500000| Complete 
| 150|0x0000000089600000, 0x0000000089700000, 0x0000000089700000|100%|HC|  |TAMS 0x0000000089700000, 0x0000000089600000| Complete 
| 151|0x0000000089700000, 0x0000000089800000, 0x0000000089800000|100%|HC|  |TAMS 0x0000000089800000, 0x0000000089700000| Complete 
| 152|0x0000000089800000, 0x0000000089900000, 0x0000000089900000|100%|HC|  |TAMS 0x0000000089900000, 0x0000000089800000| Complete 
| 153|0x0000000089900000, 0x0000000089a00000, 0x0000000089a00000|100%|HS|  |TAMS 0x0000000089a00000, 0x0000000089900000| Complete 
| 154|0x0000000089a00000, 0x0000000089b00000, 0x0000000089b00000|100%|HC|  |TAMS 0x0000000089b00000, 0x0000000089a00000| Complete 
| 155|0x0000000089b00000, 0x0000000089c00000, 0x0000000089c00000|100%|HC|  |TAMS 0x0000000089c00000, 0x0000000089b00000| Complete 
| 156|0x0000000089c00000, 0x0000000089d00000, 0x0000000089d00000|100%| O|  |TAMS 0x0000000089d00000, 0x0000000089c00000| Untracked 
| 157|0x0000000089d00000, 0x0000000089e00000, 0x0000000089e00000|100%| O|  |TAMS 0x0000000089e00000, 0x0000000089d00000| Untracked 
| 158|0x0000000089e00000, 0x0000000089f00000, 0x0000000089f00000|100%| O|  |TAMS 0x0000000089f00000, 0x0000000089e00000| Untracked 
| 159|0x0000000089f00000, 0x000000008a000000, 0x000000008a000000|100%| O|  |TAMS 0x000000008a000000, 0x0000000089f00000| Complete 
| 160|0x000000008a000000, 0x000000008a100000, 0x000000008a100000|100%| O|  |TAMS 0x000000008a100000, 0x000000008a000000| Untracked 
| 161|0x000000008a100000, 0x000000008a200000, 0x000000008a200000|100%| O|  |TAMS 0x000000008a200000, 0x000000008a100000| Untracked 
| 162|0x000000008a200000, 0x000000008a300000, 0x000000008a300000|100%| O|  |TAMS 0x000000008a300000, 0x000000008a200000| Untracked 
| 163|0x000000008a300000, 0x000000008a400000, 0x000000008a400000|100%| O|  |TAMS 0x000000008a400000, 0x000000008a300000| Untracked 
| 164|0x000000008a400000, 0x000000008a500000, 0x000000008a500000|100%| O|  |TAMS 0x000000008a500000, 0x000000008a400000| Untracked 
| 165|0x000000008a500000, 0x000000008a600000, 0x000000008a600000|100%| O|  |TAMS 0x000000008a600000, 0x000000008a500000| Untracked 
| 166|0x000000008a600000, 0x000000008a700000, 0x000000008a700000|100%| O|  |TAMS 0x000000008a700000, 0x000000008a600000| Complete 
| 167|0x000000008a700000, 0x000000008a800000, 0x000000008a800000|100%| O|  |TAMS 0x000000008a800000, 0x000000008a700000| Untracked 
| 168|0x000000008a800000, 0x000000008a900000, 0x000000008a900000|100%| O|  |TAMS 0x000000008a900000, 0x000000008a800000| Complete 
| 169|0x000000008a900000, 0x000000008aa00000, 0x000000008aa00000|100%| O|  |TAMS 0x000000008aa00000, 0x000000008a900000| Untracked 
| 170|0x000000008aa00000, 0x000000008ab00000, 0x000000008ab00000|100%| O|  |TAMS 0x000000008ab00000, 0x000000008aa00000| Untracked 
| 171|0x000000008ab00000, 0x000000008ac00000, 0x000000008ac00000|100%| O|  |TAMS 0x000000008ac00000, 0x000000008ab00000| Untracked 
| 172|0x000000008ac00000, 0x000000008ad00000, 0x000000008ad00000|100%| O|  |TAMS 0x000000008ad00000, 0x000000008ac00000| Complete 
| 173|0x000000008ad00000, 0x000000008ae00000, 0x000000008ae00000|100%| O|  |TAMS 0x000000008ae00000, 0x000000008ad00000| Complete 
| 174|0x000000008ae00000, 0x000000008af00000, 0x000000008af00000|100%| O|  |TAMS 0x000000008af00000, 0x000000008ae00000| Complete 
| 175|0x000000008af00000, 0x000000008b000000, 0x000000008b000000|100%| O|  |TAMS 0x000000008b000000, 0x000000008af00000| Untracked 
| 176|0x000000008b000000, 0x000000008b100000, 0x000000008b100000|100%| O|  |TAMS 0x000000008b100000, 0x000000008b000000| Untracked 
| 177|0x000000008b100000, 0x000000008b200000, 0x000000008b200000|100%| O|  |TAMS 0x000000008b200000, 0x000000008b100000| Untracked 
| 178|0x000000008b200000, 0x000000008b300000, 0x000000008b300000|100%| O|  |TAMS 0x000000008b300000, 0x000000008b200000| Untracked 
| 179|0x000000008b300000, 0x000000008b400000, 0x000000008b400000|100%| O|  |TAMS 0x000000008b400000, 0x000000008b300000| Untracked 
| 180|0x000000008b400000, 0x000000008b500000, 0x000000008b500000|100%| O|  |TAMS 0x000000008b500000, 0x000000008b400000| Untracked 
| 181|0x000000008b500000, 0x000000008b600000, 0x000000008b600000|100%| O|  |TAMS 0x000000008b600000, 0x000000008b500000| Untracked 
| 182|0x000000008b600000, 0x000000008b700000, 0x000000008b700000|100%| O|  |TAMS 0x000000008b700000, 0x000000008b600000| Untracked 
| 183|0x000000008b700000, 0x000000008b800000, 0x000000008b800000|100%| O|  |TAMS 0x000000008b800000, 0x000000008b700000| Untracked 
| 184|0x000000008b800000, 0x000000008b900000, 0x000000008b900000|100%| O|  |TAMS 0x000000008b900000, 0x000000008b800000| Untracked 
| 185|0x000000008b900000, 0x000000008ba00000, 0x000000008ba00000|100%| O|  |TAMS 0x000000008ba00000, 0x000000008b900000| Complete 
| 186|0x000000008ba00000, 0x000000008bb00000, 0x000000008bb00000|100%| O|  |TAMS 0x000000008bb00000, 0x000000008ba00000| Complete 
| 187|0x000000008bb00000, 0x000000008bc00000, 0x000000008bc00000|100%| O|  |TAMS 0x000000008bc00000, 0x000000008bb00000| Untracked 
| 188|0x000000008bc00000, 0x000000008bd00000, 0x000000008bd00000|100%| O|  |TAMS 0x000000008bd00000, 0x000000008bc00000| Untracked 
| 189|0x000000008bd00000, 0x000000008be00000, 0x000000008be00000|100%| O|  |TAMS 0x000000008be00000, 0x000000008bd00000| Untracked 
| 190|0x000000008be00000, 0x000000008bf00000, 0x000000008bf00000|100%| O|  |TAMS 0x000000008bf00000, 0x000000008be00000| Untracked 
| 191|0x000000008bf00000, 0x000000008c000000, 0x000000008c000000|100%| O|  |TAMS 0x000000008c000000, 0x000000008bf00000| Complete 
| 192|0x000000008c000000, 0x000000008c100000, 0x000000008c100000|100%| O|  |TAMS 0x000000008c100000, 0x000000008c000000| Untracked 
| 193|0x000000008c100000, 0x000000008c200000, 0x000000008c200000|100%| O|  |TAMS 0x000000008c200000, 0x000000008c100000| Untracked 
| 194|0x000000008c200000, 0x000000008c300000, 0x000000008c300000|100%| O|  |TAMS 0x000000008c300000, 0x000000008c200000| Untracked 
| 195|0x000000008c300000, 0x000000008c400000, 0x000000008c400000|100%| O|  |TAMS 0x000000008c400000, 0x000000008c300000| Complete 
| 196|0x000000008c400000, 0x000000008c500000, 0x000000008c500000|100%| O|  |TAMS 0x000000008c500000, 0x000000008c400000| Complete 
| 197|0x000000008c500000, 0x000000008c600000, 0x000000008c600000|100%| O|  |TAMS 0x000000008c58c200, 0x000000008c500000| Untracked 
| 198|0x000000008c600000, 0x000000008c700000, 0x000000008c700000|100%| O|  |TAMS 0x000000008c700000, 0x000000008c600000| Complete 
| 199|0x000000008c700000, 0x000000008c800000, 0x000000008c800000|100%| O|  |TAMS 0x000000008c800000, 0x000000008c700000| Complete 
| 200|0x000000008c800000, 0x000000008c800000, 0x000000008c900000|  0%| F|  |TAMS 0x000000008c800000, 0x000000008c800000| Untracked 
| 201|0x000000008c900000, 0x000000008c900000, 0x000000008ca00000|  0%| F|  |TAMS 0x000000008c900000, 0x000000008c900000| Untracked 
| 202|0x000000008ca00000, 0x000000008cb00000, 0x000000008cb00000|100%| O|  |TAMS 0x000000008cb00000, 0x000000008ca00000| Complete 
| 203|0x000000008cb00000, 0x000000008cc00000, 0x000000008cc00000|100%| O|  |TAMS 0x000000008cb00000, 0x000000008cb00000| Untracked 
| 204|0x000000008cc00000, 0x000000008cd00000, 0x000000008cd00000|100%| O|  |TAMS 0x000000008cd00000, 0x000000008cc00000| Complete 
| 205|0x000000008cd00000, 0x000000008ce00000, 0x000000008ce00000|100%| O|  |TAMS 0x000000008ce00000, 0x000000008cd00000| Complete 
| 206|0x000000008ce00000, 0x000000008cf00000, 0x000000008cf00000|100%| O|  |TAMS 0x000000008ce00000, 0x000000008ce00000| Untracked 
| 207|0x000000008cf00000, 0x000000008d000000, 0x000000008d000000|100%| O|  |TAMS 0x000000008d000000, 0x000000008cf00000| Untracked 
| 208|0x000000008d000000, 0x000000008d100000, 0x000000008d100000|100%| O|  |TAMS 0x000000008d100000, 0x000000008d000000| Untracked 
| 209|0x000000008d100000, 0x000000008d200000, 0x000000008d200000|100%| O|  |TAMS 0x000000008d200000, 0x000000008d100000| Untracked 
| 210|0x000000008d200000, 0x000000008d300000, 0x000000008d300000|100%| O|  |TAMS 0x000000008d200000, 0x000000008d200000| Untracked 
| 211|0x000000008d300000, 0x000000008d400000, 0x000000008d400000|100%| O|  |TAMS 0x000000008d400000, 0x000000008d300000| Complete 
| 212|0x000000008d400000, 0x000000008d433400, 0x000000008d500000| 20%| O|  |TAMS 0x000000008d400000, 0x000000008d400000| Untracked 
| 213|0x000000008d500000, 0x000000008d500000, 0x000000008d600000|  0%| F|  |TAMS 0x000000008d500000, 0x000000008d500000| Untracked 
| 214|0x000000008d600000, 0x000000008d700000, 0x000000008d700000|100%| O|  |TAMS 0x000000008d700000, 0x000000008d600000| Untracked 
| 215|0x000000008d700000, 0x000000008d700000, 0x000000008d800000|  0%| F|  |TAMS 0x000000008d700000, 0x000000008d700000| Untracked 
| 216|0x000000008d800000, 0x000000008d900000, 0x000000008d900000|100%| O|  |TAMS 0x000000008d900000, 0x000000008d800000| Untracked 
| 217|0x000000008d900000, 0x000000008d900000, 0x000000008da00000|  0%| F|  |TAMS 0x000000008d900000, 0x000000008d900000| Untracked 
| 218|0x000000008da00000, 0x000000008da00000, 0x000000008db00000|  0%| F|  |TAMS 0x000000008da00000, 0x000000008da00000| Untracked 
| 219|0x000000008db00000, 0x000000008db00000, 0x000000008dc00000|  0%| F|  |TAMS 0x000000008db00000, 0x000000008db00000| Untracked 
| 220|0x000000008dc00000, 0x000000008dc00000, 0x000000008dd00000|  0%| F|  |TAMS 0x000000008dc00000, 0x000000008dc00000| Untracked 
| 221|0x000000008dd00000, 0x000000008de00000, 0x000000008de00000|100%| O|  |TAMS 0x000000008de00000, 0x000000008dd00000| Complete 
| 222|0x000000008de00000, 0x000000008de00000, 0x000000008df00000|  0%| F|  |TAMS 0x000000008de00000, 0x000000008de00000| Untracked 
| 223|0x000000008df00000, 0x000000008df00000, 0x000000008e000000|  0%| F|  |TAMS 0x000000008df00000, 0x000000008df00000| Untracked 
| 224|0x000000008e000000, 0x000000008e100000, 0x000000008e100000|100%| O|  |TAMS 0x000000008e100000, 0x000000008e000000| Untracked 
| 225|0x000000008e100000, 0x000000008e100000, 0x000000008e200000|  0%| F|  |TAMS 0x000000008e100000, 0x000000008e100000| Untracked 
| 226|0x000000008e200000, 0x000000008e200000, 0x000000008e300000|  0%| F|  |TAMS 0x000000008e200000, 0x000000008e200000| Untracked 
| 227|0x000000008e300000, 0x000000008e400000, 0x000000008e400000|100%| O|  |TAMS 0x000000008e400000, 0x000000008e300000| Untracked 
| 228|0x000000008e400000, 0x000000008e400000, 0x000000008e500000|  0%| F|  |TAMS 0x000000008e400000, 0x000000008e400000| Untracked 
| 229|0x000000008e500000, 0x000000008e500000, 0x000000008e600000|  0%| F|  |TAMS 0x000000008e500000, 0x000000008e500000| Untracked 
| 230|0x000000008e600000, 0x000000008e600000, 0x000000008e700000|  0%| F|  |TAMS 0x000000008e600000, 0x000000008e600000| Untracked 
| 231|0x000000008e700000, 0x000000008e700000, 0x000000008e800000|  0%| F|  |TAMS 0x000000008e700000, 0x000000008e700000| Untracked 
| 232|0x000000008e800000, 0x000000008e800000, 0x000000008e900000|  0%| F|  |TAMS 0x000000008e800000, 0x000000008e800000| Untracked 
| 233|0x000000008e900000, 0x000000008e900000, 0x000000008ea00000|  0%| F|  |TAMS 0x000000008e900000, 0x000000008e900000| Untracked 
| 234|0x000000008ea00000, 0x000000008ea00000, 0x000000008eb00000|  0%| F|  |TAMS 0x000000008ea00000, 0x000000008ea00000| Untracked 
| 235|0x000000008eb00000, 0x000000008eb00000, 0x000000008ec00000|  0%| F|  |TAMS 0x000000008eb00000, 0x000000008eb00000| Untracked 
| 236|0x000000008ec00000, 0x000000008ec00000, 0x000000008ed00000|  0%| F|  |TAMS 0x000000008ec00000, 0x000000008ec00000| Untracked 
| 237|0x000000008ed00000, 0x000000008ed00000, 0x000000008ee00000|  0%| F|  |TAMS 0x000000008ed00000, 0x000000008ed00000| Untracked 
| 238|0x000000008ee00000, 0x000000008ee00000, 0x000000008ef00000|  0%| F|  |TAMS 0x000000008ee00000, 0x000000008ee00000| Untracked 
| 239|0x000000008ef00000, 0x000000008ef00000, 0x000000008f000000|  0%| F|  |TAMS 0x000000008ef00000, 0x000000008ef00000| Untracked 
| 240|0x000000008f000000, 0x000000008f000000, 0x000000008f100000|  0%| F|  |TAMS 0x000000008f000000, 0x000000008f000000| Untracked 
| 241|0x000000008f100000, 0x000000008f100000, 0x000000008f200000|  0%| F|  |TAMS 0x000000008f100000, 0x000000008f100000| Untracked 
| 242|0x000000008f200000, 0x000000008f200000, 0x000000008f300000|  0%| F|  |TAMS 0x000000008f200000, 0x000000008f200000| Untracked 
| 243|0x000000008f300000, 0x000000008f300000, 0x000000008f400000|  0%| F|  |TAMS 0x000000008f300000, 0x000000008f300000| Untracked 
| 244|0x000000008f400000, 0x000000008f400000, 0x000000008f500000|  0%| F|  |TAMS 0x000000008f400000, 0x000000008f400000| Untracked 
| 245|0x000000008f500000, 0x000000008f500000, 0x000000008f600000|  0%| F|  |TAMS 0x000000008f500000, 0x000000008f500000| Untracked 
| 246|0x000000008f600000, 0x000000008f600000, 0x000000008f700000|  0%| F|  |TAMS 0x000000008f600000, 0x000000008f600000| Untracked 
| 247|0x000000008f700000, 0x000000008f700000, 0x000000008f800000|  0%| F|  |TAMS 0x000000008f700000, 0x000000008f700000| Untracked 
| 248|0x000000008f800000, 0x000000008f800000, 0x000000008f900000|  0%| F|  |TAMS 0x000000008f800000, 0x000000008f800000| Untracked 
| 249|0x000000008f900000, 0x000000008f900000, 0x000000008fa00000|  0%| F|  |TAMS 0x000000008f900000, 0x000000008f900000| Untracked 
| 250|0x000000008fa00000, 0x000000008fa00000, 0x000000008fb00000|  0%| F|  |TAMS 0x000000008fa00000, 0x000000008fa00000| Untracked 
| 251|0x000000008fb00000, 0x000000008fb00000, 0x000000008fc00000|  0%| F|  |TAMS 0x000000008fb00000, 0x000000008fb00000| Untracked 
| 252|0x000000008fc00000, 0x000000008fc00000, 0x000000008fd00000|  0%| F|  |TAMS 0x000000008fc00000, 0x000000008fc00000| Untracked 
| 253|0x000000008fd00000, 0x000000008fd00000, 0x000000008fe00000|  0%| F|  |TAMS 0x000000008fd00000, 0x000000008fd00000| Untracked 
| 254|0x000000008fe00000, 0x000000008fe00000, 0x000000008ff00000|  0%| F|  |TAMS 0x000000008fe00000, 0x000000008fe00000| Untracked 
| 255|0x000000008ff00000, 0x000000008ff00000, 0x0000000090000000|  0%| F|  |TAMS 0x000000008ff00000, 0x000000008ff00000| Untracked 
| 256|0x0000000090000000, 0x0000000090000000, 0x0000000090100000|  0%| F|  |TAMS 0x0000000090000000, 0x0000000090000000| Untracked 
| 257|0x0000000090100000, 0x0000000090100000, 0x0000000090200000|  0%| F|  |TAMS 0x0000000090100000, 0x0000000090100000| Untracked 
| 258|0x0000000090200000, 0x0000000090200000, 0x0000000090300000|  0%| F|  |TAMS 0x0000000090200000, 0x0000000090200000| Untracked 
| 259|0x0000000090300000, 0x0000000090300000, 0x0000000090400000|  0%| F|  |TAMS 0x0000000090300000, 0x0000000090300000| Untracked 
| 260|0x0000000090400000, 0x0000000090400000, 0x0000000090500000|  0%| F|  |TAMS 0x0000000090400000, 0x0000000090400000| Untracked 
| 261|0x0000000090500000, 0x0000000090500000, 0x0000000090600000|  0%| F|  |TAMS 0x0000000090500000, 0x0000000090500000| Untracked 
| 262|0x0000000090600000, 0x0000000090600000, 0x0000000090700000|  0%| F|  |TAMS 0x0000000090600000, 0x0000000090600000| Untracked 
| 263|0x0000000090700000, 0x0000000090700000, 0x0000000090800000|  0%| F|  |TAMS 0x0000000090700000, 0x0000000090700000| Untracked 
| 264|0x0000000090800000, 0x0000000090800000, 0x0000000090900000|  0%| F|  |TAMS 0x0000000090800000, 0x0000000090800000| Untracked 
| 265|0x0000000090900000, 0x0000000090900000, 0x0000000090a00000|  0%| F|  |TAMS 0x0000000090900000, 0x0000000090900000| Untracked 
| 266|0x0000000090a00000, 0x0000000090a00000, 0x0000000090b00000|  0%| F|  |TAMS 0x0000000090a00000, 0x0000000090a00000| Untracked 
| 267|0x0000000090b00000, 0x0000000090b00000, 0x0000000090c00000|  0%| F|  |TAMS 0x0000000090b00000, 0x0000000090b00000| Untracked 
| 268|0x0000000090c00000, 0x0000000090c00000, 0x0000000090d00000|  0%| F|  |TAMS 0x0000000090c00000, 0x0000000090c00000| Untracked 
| 269|0x0000000090d00000, 0x0000000090d00000, 0x0000000090e00000|  0%| F|  |TAMS 0x0000000090d00000, 0x0000000090d00000| Untracked 
| 270|0x0000000090e00000, 0x0000000090e00000, 0x0000000090f00000|  0%| F|  |TAMS 0x0000000090e00000, 0x0000000090e00000| Untracked 
| 271|0x0000000090f00000, 0x0000000090f00000, 0x0000000091000000|  0%| F|  |TAMS 0x0000000090f00000, 0x0000000090f00000| Untracked 
| 272|0x0000000091000000, 0x0000000091000000, 0x0000000091100000|  0%| F|  |TAMS 0x0000000091000000, 0x0000000091000000| Untracked 
| 273|0x0000000091100000, 0x0000000091100000, 0x0000000091200000|  0%| F|  |TAMS 0x0000000091100000, 0x0000000091100000| Untracked 
| 274|0x0000000091200000, 0x0000000091200000, 0x0000000091300000|  0%| F|  |TAMS 0x0000000091200000, 0x0000000091200000| Untracked 
| 275|0x0000000091300000, 0x0000000091300000, 0x0000000091400000|  0%| F|  |TAMS 0x0000000091300000, 0x0000000091300000| Untracked 
| 276|0x0000000091400000, 0x0000000091400000, 0x0000000091500000|  0%| F|  |TAMS 0x0000000091400000, 0x0000000091400000| Untracked 
| 277|0x0000000091500000, 0x0000000091500000, 0x0000000091600000|  0%| F|  |TAMS 0x0000000091500000, 0x0000000091500000| Untracked 
| 278|0x0000000091600000, 0x0000000091600000, 0x0000000091700000|  0%| F|  |TAMS 0x0000000091600000, 0x0000000091600000| Untracked 
| 279|0x0000000091700000, 0x0000000091700000, 0x0000000091800000|  0%| F|  |TAMS 0x0000000091700000, 0x0000000091700000| Untracked 
| 280|0x0000000091800000, 0x0000000091800000, 0x0000000091900000|  0%| F|  |TAMS 0x0000000091800000, 0x0000000091800000| Untracked 
| 281|0x0000000091900000, 0x0000000091900000, 0x0000000091a00000|  0%| F|  |TAMS 0x0000000091900000, 0x0000000091900000| Untracked 
| 282|0x0000000091a00000, 0x0000000091a00000, 0x0000000091b00000|  0%| F|  |TAMS 0x0000000091a00000, 0x0000000091a00000| Untracked 
| 283|0x0000000091b00000, 0x0000000091b00000, 0x0000000091c00000|  0%| F|  |TAMS 0x0000000091b00000, 0x0000000091b00000| Untracked 
| 284|0x0000000091c00000, 0x0000000091c00000, 0x0000000091d00000|  0%| F|  |TAMS 0x0000000091c00000, 0x0000000091c00000| Untracked 
| 285|0x0000000091d00000, 0x0000000091d00000, 0x0000000091e00000|  0%| F|  |TAMS 0x0000000091d00000, 0x0000000091d00000| Untracked 
| 286|0x0000000091e00000, 0x0000000091e00000, 0x0000000091f00000|  0%| F|  |TAMS 0x0000000091e00000, 0x0000000091e00000| Untracked 
| 287|0x0000000091f00000, 0x0000000091fad8d0, 0x0000000092000000| 67%| S|CS|TAMS 0x0000000091f00000, 0x0000000091f00000| Complete 
| 288|0x0000000092000000, 0x0000000092000000, 0x0000000092100000|  0%| F|  |TAMS 0x0000000092000000, 0x0000000092000000| Untracked 
| 289|0x0000000092100000, 0x0000000092100000, 0x0000000092200000|  0%| F|  |TAMS 0x0000000092100000, 0x0000000092100000| Untracked 
| 290|0x0000000092200000, 0x0000000092200000, 0x0000000092300000|  0%| F|  |TAMS 0x0000000092200000, 0x0000000092200000| Untracked 
| 291|0x0000000092300000, 0x0000000092300000, 0x0000000092400000|  0%| F|  |TAMS 0x0000000092300000, 0x0000000092300000| Untracked 
| 292|0x0000000092400000, 0x0000000092400000, 0x0000000092500000|  0%| F|  |TAMS 0x0000000092400000, 0x0000000092400000| Untracked 
| 293|0x0000000092500000, 0x0000000092500000, 0x0000000092600000|  0%| F|  |TAMS 0x0000000092500000, 0x0000000092500000| Untracked 
| 294|0x0000000092600000, 0x0000000092600000, 0x0000000092700000|  0%| F|  |TAMS 0x0000000092600000, 0x0000000092600000| Untracked 
| 295|0x0000000092700000, 0x0000000092700000, 0x0000000092800000|  0%| F|  |TAMS 0x0000000092700000, 0x0000000092700000| Untracked 
| 296|0x0000000092800000, 0x0000000092800000, 0x0000000092900000|  0%| F|  |TAMS 0x0000000092800000, 0x0000000092800000| Untracked 
| 297|0x0000000092900000, 0x0000000092900000, 0x0000000092a00000|  0%| F|  |TAMS 0x0000000092900000, 0x0000000092900000| Untracked 
| 298|0x0000000092a00000, 0x0000000092a00000, 0x0000000092b00000|  0%| F|  |TAMS 0x0000000092a00000, 0x0000000092a00000| Untracked 

Card table byte_map: [0x0000019869370000,0x0000019869770000] _byte_map_base: 0x0000019868f70000

Marking Bits (Prev, Next): (CMBitMap*) 0x0000019855e5aa80, (CMBitMap*) 0x0000019855e5aa48
 Prev Bits: [0x000001986bb70000, 0x000001986db70000)
 Next Bits: [0x0000019869b70000, 0x000001986bb70000)

Polling page: 0x0000019859910000

Metaspace:

Usage:
  Non-class:    138.85 MB capacity,   134.72 MB ( 97%) used,     3.48 MB (  3%) free+waste,   666.56 KB ( <1%) overhead. 
      Class:     21.40 MB capacity,    19.12 MB ( 89%) used,     1.98 MB (  9%) free+waste,   299.13 KB (  1%) overhead. 
       Both:    160.25 MB capacity,   153.85 MB ( 96%) used,     5.46 MB (  3%) free+waste,   965.69 KB ( <1%) overhead. 

Virtual space:
  Non-class space:      140.00 MB reserved,     139.09 MB (>99%) committed 
      Class space:        1.00 GB reserved,      21.57 MB (  2%) committed 
             Both:        1.14 GB reserved,     160.66 MB ( 14%) committed 

Chunk freelists:
   Non-Class:  113.00 KB
       Class:  139.00 KB
        Both:  252.00 KB

MaxMetaspaceSize: 17179869184.00 GB
CompressedClassSpaceSize: 1.00 GB

CodeHeap 'non-profiled nmethods': size=120064Kb used=27679Kb max_used=27679Kb free=92384Kb
 bounds [0x00000198613f0000, 0x0000019862f20000, 0x0000019868930000]
CodeHeap 'profiled nmethods': size=120000Kb used=63345Kb max_used=63345Kb free=56654Kb
 bounds [0x0000019859ec0000, 0x000001985de00000, 0x00000198613f0000]
CodeHeap 'non-nmethods': size=5696Kb used=2409Kb max_used=2495Kb free=3286Kb
 bounds [0x0000019859930000, 0x0000019859bb0000, 0x0000019859ec0000]
 total_blobs=28834 nmethods=27781 adapters=959
 compilation: enabled
              stopped_count=0, restarted_count=0
 full_count=0

Compilation events (20 events):
Event: 1627.004 Thread 0x00000198701da800 33815       2       com.google.common.collect.ImmutableBiMap$Builder::put (9 bytes)
Event: 1627.005 Thread 0x00000198701da800 nmethod 33815 0x000001985ae5be90 code [0x000001985ae5c040, 0x000001985ae5c168]
Event: 1627.034 Thread 0x00000198701da800 33817 %     3       com.android.tools.r8.ir.regalloc.a::j @ 11 (71 bytes)
Event: 1627.036 Thread 0x00000198701da800 nmethod 33817% 0x000001985b369890 code [0x000001985b369ba0, 0x000001985b36af68]
Event: 1627.118 Thread 0x00000198701da800 33818       2       com.android.tools.r8.internal.gv::<init> (10 bytes)
Event: 1627.118 Thread 0x00000198701da800 nmethod 33818 0x000001985ae67e10 code [0x000001985ae67fc0, 0x000001985ae680c8]
Event: 1627.136 Thread 0x00000198701da800 33819       2       org.gradle.internal.execution.steps.ValidateStep::execute (221 bytes)
Event: 1627.139 Thread 0x00000198701da800 nmethod 33819 0x000001985af2ae10 code [0x000001985af2b1c0, 0x000001985af2bf68]
Event: 1627.155 Thread 0x00000198701da800 33821       2       com.android.tools.r8.code.I2::<init> (5 bytes)
Event: 1627.156 Thread 0x00000198701da800 nmethod 33821 0x000001985aeb5910 code [0x000001985aeb5ac0, 0x000001985aeb5bb8]
Event: 1627.252 Thread 0x00000198701da800 33823       2       com.android.tools.r8.internal.QG$$Lambda$2328/0x0000000101567840::accept (12 bytes)
Event: 1627.253 Thread 0x00000198701da800 nmethod 33823 0x000001985aec0790 code [0x000001985aec0940, 0x000001985aec0a88]
Event: 1627.254 Thread 0x00000198701da800 33824       2       com.android.tools.r8.internal.XF$$Lambda$2330/0x0000000101567040::applyAsInt (8 bytes)
Event: 1627.255 Thread 0x00000198701da800 nmethod 33824 0x000001985aec0390 code [0x000001985aec0540, 0x000001985aec0678]
Event: 1627.317 Thread 0x00000198701da800 33825       2       com.android.tools.r8.internal.X4::a (103 bytes)
Event: 1627.318 Thread 0x00000198701da800 nmethod 33825 0x000001985aec3d90 code [0x000001985aec3f60, 0x000001985aec4178]
Event: 1627.461 Thread 0x00000198701da800 33828       2       org.gradle.internal.execution.steps.ResolveCachingStateStep::logDisabledReasons (104 bytes)
Event: 1627.463 Thread 0x00000198701da800 nmethod 33828 0x000001985af16810 code [0x000001985af16ac0, 0x000001985af17398]
Event: 1627.467 Thread 0x00000198701da800 33829       2       com.android.tools.r8.internal.wz::equals (42 bytes)
Event: 1627.468 Thread 0x00000198701da800 nmethod 33829 0x000001985aeeeb90 code [0x000001985aeeed40, 0x000001985aeeeef8]

GC Heap History (20 events):
Event: 1622.291 GC heap before
{Heap before GC invocations=251 (full 0):
 garbage-first heap   total 306176K, used 257129K [0x0000000080000000, 0x0000000100000000)
  region size 1024K, 35 young (35840K), 1 survivors (1024K)
 Metaspace       used 157279K, capacity 163827K, committed 164264K, reserved 1191936K
  class space    used 19580K, capacity 21905K, committed 22092K, reserved 1048576K
}
Event: 1622.297 GC heap after
{Heap after GC invocations=252 (full 0):
 garbage-first heap   total 306176K, used 225337K [0x0000000080000000, 0x0000000100000000)
  region size 1024K, 2 young (2048K), 2 survivors (2048K)
 Metaspace       used 157279K, capacity 163827K, committed 164264K, reserved 1191936K
  class space    used 19580K, capacity 21905K, committed 22092K, reserved 1048576K
}
Event: 1623.297 GC heap before
{Heap before GC invocations=252 (full 0):
 garbage-first heap   total 306176K, used 266297K [0x0000000080000000, 0x0000000100000000)
  region size 1024K, 41 young (41984K), 2 survivors (2048K)
 Metaspace       used 157295K, capacity 163834K, committed 164264K, reserved 1191936K
  class space    used 19580K, capacity 21905K, committed 22092K, reserved 1048576K
}
Event: 1623.306 GC heap after
{Heap after GC invocations=253 (full 0):
 garbage-first heap   total 306176K, used 225820K [0x0000000080000000, 0x0000000100000000)
  region size 1024K, 2 young (2048K), 2 survivors (2048K)
 Metaspace       used 157295K, capacity 163834K, committed 164264K, reserved 1191936K
  class space    used 19580K, capacity 21905K, committed 22092K, reserved 1048576K
}
Event: 1623.913 GC heap before
{Heap before GC invocations=254 (full 0):
 garbage-first heap   total 306176K, used 264732K [0x0000000080000000, 0x0000000100000000)
  region size 1024K, 41 young (41984K), 2 survivors (2048K)
 Metaspace       used 157299K, capacity 163834K, committed 164264K, reserved 1191936K
  class space    used 19580K, capacity 21905K, committed 22092K, reserved 1048576K
}
Event: 1623.922 GC heap after
{Heap after GC invocations=255 (full 0):
 garbage-first heap   total 306176K, used 224667K [0x0000000080000000, 0x0000000100000000)
  region size 1024K, 2 young (2048K), 2 survivors (2048K)
 Metaspace       used 157299K, capacity 163834K, committed 164264K, reserved 1191936K
  class space    used 19580K, capacity 21905K, committed 22092K, reserved 1048576K
}
Event: 1624.047 GC heap before
{Heap before GC invocations=255 (full 0):
 garbage-first heap   total 306176K, used 235931K [0x0000000080000000, 0x0000000100000000)
  region size 1024K, 14 young (14336K), 2 survivors (2048K)
 Metaspace       used 157302K, capacity 163834K, committed 164264K, reserved 1191936K
  class space    used 19580K, capacity 21905K, committed 22092K, reserved 1048576K
}
Event: 1624.077 GC heap after
{Heap after GC invocations=256 (full 0):
 garbage-first heap   total 306176K, used 223004K [0x0000000080000000, 0x0000000100000000)
  region size 1024K, 2 young (2048K), 2 survivors (2048K)
 Metaspace       used 157302K, capacity 163834K, committed 164264K, reserved 1191936K
  class space    used 19580K, capacity 21905K, committed 22092K, reserved 1048576K
}
Event: 1624.499 GC heap before
{Heap before GC invocations=256 (full 0):
 garbage-first heap   total 306176K, used 266012K [0x0000000080000000, 0x0000000100000000)
  region size 1024K, 44 young (45056K), 2 survivors (2048K)
 Metaspace       used 157308K, capacity 163834K, committed 164264K, reserved 1191936K
  class space    used 19580K, capacity 21905K, committed 22092K, reserved 1048576K
}
Event: 1624.507 GC heap after
{Heap after GC invocations=257 (full 0):
 garbage-first heap   total 306176K, used 223249K [0x0000000080000000, 0x0000000100000000)
  region size 1024K, 2 young (2048K), 2 survivors (2048K)
 Metaspace       used 157308K, capacity 163834K, committed 164264K, reserved 1191936K
  class space    used 19580K, capacity 21905K, committed 22092K, reserved 1048576K
}
Event: 1624.906 GC heap before
{Heap before GC invocations=257 (full 0):
 garbage-first heap   total 306176K, used 266257K [0x0000000080000000, 0x0000000100000000)
  region size 1024K, 44 young (45056K), 2 survivors (2048K)
 Metaspace       used 157308K, capacity 163834K, committed 164264K, reserved 1191936K
  class space    used 19580K, capacity 21905K, committed 22092K, reserved 1048576K
}
Event: 1624.912 GC heap after
{Heap after GC invocations=258 (full 0):
 garbage-first heap   total 306176K, used 223612K [0x0000000080000000, 0x0000000100000000)
  region size 1024K, 2 young (2048K), 2 survivors (2048K)
 Metaspace       used 157308K, capacity 163834K, committed 164264K, reserved 1191936K
  class space    used 19580K, capacity 21905K, committed 22092K, reserved 1048576K
}
Event: 1625.410 GC heap before
{Heap before GC invocations=258 (full 0):
 garbage-first heap   total 306176K, used 267644K [0x0000000080000000, 0x0000000100000000)
  region size 1024K, 45 young (46080K), 2 survivors (2048K)
 Metaspace       used 157318K, capacity 163845K, committed 164264K, reserved 1191936K
  class space    used 19583K, capacity 21909K, committed 22092K, reserved 1048576K
}
Event: 1625.419 GC heap after
{Heap after GC invocations=259 (full 0):
 garbage-first heap   total 306176K, used 223781K [0x0000000080000000, 0x0000000100000000)
  region size 1024K, 2 young (2048K), 2 survivors (2048K)
 Metaspace       used 157318K, capacity 163845K, committed 164264K, reserved 1191936K
  class space    used 19583K, capacity 21909K, committed 22092K, reserved 1048576K
}
Event: 1626.364 GC heap before
{Heap before GC invocations=259 (full 0):
 garbage-first heap   total 306176K, used 268837K [0x0000000080000000, 0x0000000100000000)
  region size 1024K, 46 young (47104K), 2 survivors (2048K)
 Metaspace       used 157321K, capacity 163846K, committed 164264K, reserved 1191936K
  class space    used 19583K, capacity 21909K, committed 22092K, reserved 1048576K
}
Event: 1626.378 GC heap after
{Heap after GC invocations=260 (full 0):
 garbage-first heap   total 306176K, used 223902K [0x0000000080000000, 0x0000000100000000)
  region size 1024K, 2 young (2048K), 2 survivors (2048K)
 Metaspace       used 157321K, capacity 163846K, committed 164264K, reserved 1191936K
  class space    used 19583K, capacity 21909K, committed 22092K, reserved 1048576K
}
Event: 1627.102 GC heap before
{Heap before GC invocations=261 (full 0):
 garbage-first heap   total 306176K, used 268958K [0x0000000080000000, 0x0000000100000000)
  region size 1024K, 46 young (47104K), 2 survivors (2048K)
 Metaspace       used 157327K, capacity 163910K, committed 164264K, reserved 1191936K
  class space    used 19583K, capacity 21909K, committed 22092K, reserved 1048576K
}
Event: 1627.112 GC heap after
{Heap after GC invocations=262 (full 0):
 garbage-first heap   total 306176K, used 224261K [0x0000000080000000, 0x0000000100000000)
  region size 1024K, 3 young (3072K), 3 survivors (3072K)
 Metaspace       used 157327K, capacity 163910K, committed 164264K, reserved 1191936K
  class space    used 19583K, capacity 21909K, committed 22092K, reserved 1048576K
}
Event: 1627.211 GC heap before
{Heap before GC invocations=262 (full 0):
 garbage-first heap   total 306176K, used 235525K [0x0000000080000000, 0x0000000100000000)
  region size 1024K, 14 young (14336K), 3 survivors (3072K)
 Metaspace       used 157328K, capacity 163910K, committed 164264K, reserved 1191936K
  class space    used 19583K, capacity 21909K, committed 22092K, reserved 1048576K
}
Event: 1627.237 GC heap after
{Heap after GC invocations=263 (full 0):
 garbage-first heap   total 306176K, used 220518K [0x0000000080000000, 0x0000000100000000)
  region size 1024K, 1 young (1024K), 1 survivors (1024K)
 Metaspace       used 157328K, capacity 163910K, committed 164264K, reserved 1191936K
  class space    used 19583K, capacity 21909K, committed 22092K, reserved 1048576K
}

Deoptimization events (20 events):
Event: 1626.843 Thread 0x00000198789e6800 Uncommon trap: trap_request=0xffffffde fr.pc=0x0000019862dd8974 relative=0x00000000000027f4
Event: 1626.843 Thread 0x00000198789e6800 Uncommon trap: reason=class_check action=maybe_recompile pc=0x0000019862dd8974 method=com.android.tools.r8.internal.YG.a(Lcom/android/tools/r8/internal/dG;)Lcom/android/tools/r8/internal/YG; @ 40 c2
Event: 1626.843 Thread 0x00000198789e6800 DEOPT PACKING pc=0x0000019862dd8974 sp=0x00000081d33f9c20
Event: 1626.843 Thread 0x00000198789e6800 DEOPT UNPACKING pc=0x000001985995782f sp=0x00000081d33f9b50 mode 2
Event: 1626.843 Thread 0x00000198789e6800 Uncommon trap: trap_request=0xffffffde fr.pc=0x0000019862554840 relative=0x00000000000000e0
Event: 1626.843 Thread 0x00000198789e6800 Uncommon trap: reason=class_check action=maybe_recompile pc=0x0000019862554840 method=com.android.tools.r8.internal.YG.a(Lcom/android/tools/r8/internal/dG;)Lcom/android/tools/r8/internal/YG; @ 40 c2
Event: 1626.843 Thread 0x00000198789e6800 DEOPT PACKING pc=0x0000019862554840 sp=0x00000081d33f9a60
Event: 1626.843 Thread 0x00000198789e6800 DEOPT UNPACKING pc=0x000001985995782f sp=0x00000081d33f99f8 mode 2
Event: 1626.948 Thread 0x00000198789de000 DEOPT PACKING pc=0x000001985d881701 sp=0x00000081d22f3a70
Event: 1626.949 Thread 0x00000198789de000 DEOPT UNPACKING pc=0x000001985995764e sp=0x00000081d22f30b8 mode 0
Event: 1627.276 Thread 0x00000198789de000 Uncommon trap: trap_request=0xffffff4d fr.pc=0x0000019862cba874 relative=0x00000000000002f4
Event: 1627.276 Thread 0x00000198789de000 Uncommon trap: reason=unstable_if action=reinterpret pc=0x0000019862cba874 method=com.android.tools.r8.internal.X4.a(I)Lcom/android/tools/r8/internal/g9; @ 6 c2
Event: 1627.276 Thread 0x00000198789de000 DEOPT PACKING pc=0x0000019862cba874 sp=0x00000081d22f3e00
Event: 1627.276 Thread 0x00000198789de000 DEOPT UNPACKING pc=0x000001985995782f sp=0x00000081d22f3d98 mode 2
Event: 1627.366 Thread 0x00000198789de000 Uncommon trap: trap_request=0xffffffbe fr.pc=0x0000019862ecc6c8 relative=0x0000000000005948
Event: 1627.366 Thread 0x00000198789de000 Uncommon trap: reason=profile_predicate action=maybe_recompile pc=0x0000019862ecc6c8 method=com.android.tools.r8.ir.regalloc.a.a(Lcom/android/tools/r8/ir/regalloc/a$a;Z)Lcom/android/tools/r8/ir/regalloc/a$a; @ 987 c2
Event: 1627.366 Thread 0x00000198789de000 DEOPT PACKING pc=0x0000019862ecc6c8 sp=0x00000081d22f3b40
Event: 1627.366 Thread 0x00000198789de000 DEOPT UNPACKING pc=0x000001985995782f sp=0x00000081d22f3b68 mode 2
Event: 1627.400 Thread 0x00000198789e6800 DEOPT PACKING pc=0x000001985d860e67 sp=0x00000081d33f9880
Event: 1627.401 Thread 0x00000198789e6800 DEOPT UNPACKING pc=0x000001985995764e sp=0x00000081d33f8ef0 mode 0

Classes redefined (0 events):
No events

Internal exceptions (20 events):
Event: 1597.998 Thread 0x00000198789e0800 Exception <a 'sun/nio/fs/WindowsException'{0x0000000090ecc0d0}> (0x0000000090ecc0d0) thrown at [./src/hotspot/share/prims/jni.cpp, line 615]
Event: 1598.017 Thread 0x00000198789e6800 Exception <a 'sun/nio/fs/WindowsException'{0x0000000090a0d768}> (0x0000000090a0d768) thrown at [./src/hotspot/share/prims/jni.cpp, line 615]
Event: 1598.106 Thread 0x00000198789e0800 Exception <a 'sun/nio/fs/WindowsException'{0x000000009082abd8}> (0x000000009082abd8) thrown at [./src/hotspot/share/prims/jni.cpp, line 615]
Event: 1598.757 Thread 0x00000198789de000 Exception <a 'sun/nio/fs/WindowsException'{0x000000008fb55528}> (0x000000008fb55528) thrown at [./src/hotspot/share/prims/jni.cpp, line 615]
Event: 1599.111 Thread 0x00000198789e6800 Exception <a 'sun/nio/fs/WindowsException'{0x000000008f0b6868}> (0x000000008f0b6868) thrown at [./src/hotspot/share/prims/jni.cpp, line 615]
Event: 1599.133 Thread 0x00000198789e0800 Exception <a 'sun/nio/fs/WindowsException'{0x000000008ef56410}> (0x000000008ef56410) thrown at [./src/hotspot/share/prims/jni.cpp, line 615]
Event: 1599.317 Thread 0x00000198789e0800 Exception <a 'sun/nio/fs/WindowsException'{0x0000000092a06ca0}> (0x0000000092a06ca0) thrown at [./src/hotspot/share/prims/jni.cpp, line 615]
Event: 1600.077 Thread 0x00000198789e6800 Exception <a 'sun/nio/fs/WindowsException'{0x000000009290b7a0}> (0x000000009290b7a0) thrown at [./src/hotspot/share/prims/jni.cpp, line 615]
Event: 1600.091 Thread 0x00000198789e6800 Exception <a 'sun/nio/fs/WindowsException'{0x0000000092761070}> (0x0000000092761070) thrown at [./src/hotspot/share/prims/jni.cpp, line 615]
Event: 1600.113 Thread 0x00000198789de000 Exception <a 'sun/nio/fs/WindowsException'{0x00000000927bfa48}> (0x00000000927bfa48) thrown at [./src/hotspot/share/prims/jni.cpp, line 615]
Event: 1600.144 Thread 0x00000198789e0800 Exception <a 'sun/nio/fs/WindowsException'{0x0000000092628ad8}> (0x0000000092628ad8) thrown at [./src/hotspot/share/prims/jni.cpp, line 615]
Event: 1600.192 Thread 0x00000198789e0800 Exception <a 'sun/nio/fs/WindowsException'{0x00000000926c2a68}> (0x00000000926c2a68) thrown at [./src/hotspot/share/prims/jni.cpp, line 615]
Event: 1600.311 Thread 0x00000198789e0800 Exception <a 'sun/nio/fs/WindowsException'{0x00000000924c8fc8}> (0x00000000924c8fc8) thrown at [./src/hotspot/share/prims/jni.cpp, line 615]
Event: 1600.522 Thread 0x00000198789de000 Exception <a 'sun/nio/fs/WindowsException'{0x00000000912595d8}> (0x00000000912595d8) thrown at [./src/hotspot/share/prims/jni.cpp, line 615]
Event: 1600.748 Thread 0x00000198789e0800 Exception <a 'sun/nio/fs/WindowsException'{0x0000000090291cb8}> (0x0000000090291cb8) thrown at [./src/hotspot/share/prims/jni.cpp, line 615]
Event: 1602.755 Thread 0x00000198789e6800 Exception <a 'sun/nio/fs/WindowsException'{0x000000009240c7c0}> (0x000000009240c7c0) thrown at [./src/hotspot/share/prims/jni.cpp, line 615]
Event: 1603.127 Thread 0x00000198789e0800 Exception <a 'sun/nio/fs/WindowsException'{0x0000000090835960}> (0x0000000090835960) thrown at [./src/hotspot/share/prims/jni.cpp, line 615]
Event: 1607.720 Thread 0x00000198789e6800 Exception <a 'java/lang/NoSuchMethodError'{0x0000000092335298}: 'int java.lang.invoke.DirectMethodHandle$Holder.invokeInterface(java.lang.Object, java.lang.Object, int)'> (0x0000000092335298) thrown at [./src/hotspot/share/interpreter/linkResolver.cpp, line 773]
Event: 1613.646 Thread 0x00000198789de000 Implicit null exception at 0x0000019862e249ec to 0x0000019862e28ad8
Event: 1622.729 Thread 0x00000198789e0800 Exception <a 'sun/nio/fs/WindowsException'{0x0000000092a2b890}> (0x0000000092a2b890) thrown at [./src/hotspot/share/prims/jni.cpp, line 615]

Events (20 events):
Event: 1625.391 loading class com/android/tools/r8/code/W0
Event: 1625.391 loading class com/android/tools/r8/code/W0 done
Event: 1625.392 loading class com/android/tools/r8/code/W0
Event: 1625.392 loading class com/android/tools/r8/code/W0 done
Event: 1625.392 loading class com/android/tools/r8/code/W0
Event: 1625.392 loading class com/android/tools/r8/code/W0 done
Event: 1625.392 loading class com/android/tools/r8/code/W0
Event: 1625.392 loading class com/android/tools/r8/code/W0 done
Event: 1625.410 Executing VM operation: G1CollectForAllocation
Event: 1625.419 Executing VM operation: G1CollectForAllocation done
Event: 1626.310 Executing VM operation: CGC_Operation
Event: 1626.342 Executing VM operation: CGC_Operation done
Event: 1626.363 Executing VM operation: G1CollectForAllocation
Event: 1626.379 Executing VM operation: G1CollectForAllocation done
Event: 1626.806 Executing VM operation: CGC_Operation
Event: 1626.839 Executing VM operation: CGC_Operation done
Event: 1627.102 Executing VM operation: G1CollectForAllocation
Event: 1627.112 Executing VM operation: G1CollectForAllocation done
Event: 1627.197 Executing VM operation: G1CollectForAllocation
Event: 1627.237 Executing VM operation: G1CollectForAllocation done


Dynamic libraries:
0x00007ff6de2d0000 - 0x00007ff6de2da000 	C:\Program Files\Android\Android Studio\jre\bin\java.exe
0x00007ffbc55f0000 - 0x00007ffbc57e6000 	C:\Windows\SYSTEM32\ntdll.dll
0x00007ffbc3910000 - 0x00007ffbc39cd000 	C:\Windows\System32\KERNEL32.DLL
0x00007ffbc3020000 - 0x00007ffbc32e8000 	C:\Windows\System32\KERNELBASE.dll
0x00007ffbc2d50000 - 0x00007ffbc2e50000 	C:\Windows\System32\ucrtbase.dll
0x00007ffb8fca0000 - 0x00007ffb8fcb9000 	C:\Program Files\Android\Android Studio\jre\bin\jli.dll
0x00007ffbc3620000 - 0x00007ffbc37c0000 	C:\Windows\System32\USER32.dll
0x00007ffbc2fc0000 - 0x00007ffbc2fe2000 	C:\Windows\System32\win32u.dll
0x00007ffbc5430000 - 0x00007ffbc545a000 	C:\Windows\System32\GDI32.dll
0x00007ffbc2eb0000 - 0x00007ffbc2fb9000 	C:\Windows\System32\gdi32full.dll
0x00007ffbc3370000 - 0x00007ffbc340d000 	C:\Windows\System32\msvcp_win.dll
0x00007ffb81500000 - 0x00007ffb81517000 	C:\Program Files\Android\Android Studio\jre\bin\VCRUNTIME140.dll
0x00007ffba9db0000 - 0x00007ffbaa04b000 	C:\Windows\WinSxS\amd64_microsoft.windows.common-controls_6595b64144ccf1df_6.0.19041.488_none_ca04af081b815d21\COMCTL32.dll
0x00007ffbc49c0000 - 0x00007ffbc4a5e000 	C:\Windows\System32\msvcrt.dll
0x00007ffbc39d0000 - 0x00007ffbc3a00000 	C:\Windows\System32\IMM32.DLL
0x00007ffb70bf0000 - 0x00007ffb70c8d000 	C:\Program Files\Android\Android Studio\jre\bin\msvcp140.dll
0x00007ffb78b90000 - 0x00007ffb7965f000 	C:\Program Files\Android\Android Studio\jre\bin\server\jvm.dll
0x00007ffbc54d0000 - 0x00007ffbc557c000 	C:\Windows\System32\ADVAPI32.dll
0x00007ffbc4a60000 - 0x00007ffbc4afb000 	C:\Windows\System32\sechost.dll
0x00007ffbc3c20000 - 0x00007ffbc3d44000 	C:\Windows\System32\RPCRT4.dll
0x00007ffbc3900000 - 0x00007ffbc3908000 	C:\Windows\System32\PSAPI.DLL
0x00007ffbbe9d0000 - 0x00007ffbbe9d9000 	C:\Windows\SYSTEM32\WSOCK32.dll
0x00007ffbc5460000 - 0x00007ffbc54cb000 	C:\Windows\System32\WS2_32.dll
0x00007ffbb8ee0000 - 0x00007ffbb8f07000 	C:\Windows\SYSTEM32\WINMM.dll
0x00007ffbb8f10000 - 0x00007ffbb8f1a000 	C:\Windows\SYSTEM32\VERSION.dll
0x00007ffbc0e40000 - 0x00007ffbc0e52000 	C:\Windows\SYSTEM32\kernel.appcore.dll
0x00007ffbbdf90000 - 0x00007ffbbdfa1000 	C:\Program Files\Android\Android Studio\jre\bin\verify.dll
0x00007ffba79e0000 - 0x00007ffba7bc4000 	C:\Windows\SYSTEM32\DBGHELP.DLL
0x00007ffba79b0000 - 0x00007ffba79dc000 	C:\Windows\SYSTEM32\dbgcore.DLL
0x00007ffbc32f0000 - 0x00007ffbc336f000 	C:\Windows\System32\bcryptPrimitives.dll
0x00007ffbbdf60000 - 0x00007ffbbdf89000 	C:\Program Files\Android\Android Studio\jre\bin\java.dll
0x00007ffbbdfe0000 - 0x00007ffbbdfeb000 	C:\Program Files\Android\Android Studio\jre\bin\jimage.dll
0x00007ffbbbbd0000 - 0x00007ffbbbbe8000 	C:\Program Files\Android\Android Studio\jre\bin\zip.dll
0x00007ffbc4c20000 - 0x00007ffbc5361000 	C:\Windows\System32\SHELL32.dll
0x00007ffbc14f0000 - 0x00007ffbc1c85000 	C:\Windows\SYSTEM32\windows.storage.dll
0x00007ffbc3db0000 - 0x00007ffbc4105000 	C:\Windows\System32\combase.dll
0x00007ffbc2770000 - 0x00007ffbc279c000 	C:\Windows\SYSTEM32\Wldp.dll
0x00007ffbc4340000 - 0x00007ffbc43ee000 	C:\Windows\System32\SHCORE.dll
0x00007ffbc3d50000 - 0x00007ffbc3da5000 	C:\Windows\System32\shlwapi.dll
0x00007ffbc2c30000 - 0x00007ffbc2c56000 	C:\Windows\SYSTEM32\profapi.dll
0x00007ffbbbbb0000 - 0x00007ffbbbbca000 	C:\Program Files\Android\Android Studio\jre\bin\net.dll
0x00007ffbb6ea0000 - 0x00007ffbb6fa0000 	C:\Windows\SYSTEM32\WINHTTP.dll
0x00007ffbc24f0000 - 0x00007ffbc255a000 	C:\Windows\system32\mswsock.dll
0x00007ffbbbb90000 - 0x00007ffbbbba4000 	C:\Program Files\Android\Android Studio\jre\bin\nio.dll
0x00007ffbbbb60000 - 0x00007ffbbbb87000 	C:\Users\Admin\.gradle\native\8bec1ad78214c89d9ad589b4d07fe93259594b29d510b10fafb7a158f7737e5d\windows-amd64\native-platform.dll
0x00007ffbafdf0000 - 0x00007ffbaff2d000 	C:\Users\Admin\.gradle\native\53dbd7edfb1c66fb8903c78663c9afc45aea4f116125fa6feffd364cf09443e8\windows-amd64\native-platform-file-events.dll
0x00007ffbbdf50000 - 0x00007ffbbdf5a000 	C:\Program Files\Android\Android Studio\jre\bin\management.dll
0x00007ffbbbc00000 - 0x00007ffbbbc0c000 	C:\Program Files\Android\Android Studio\jre\bin\management_ext.dll
0x00007ffbc26c0000 - 0x00007ffbc26d8000 	C:\Windows\SYSTEM32\CRYPTSP.dll
0x00000000753b0000 - 0x00000000753c7000 	C:\Program Files\Common Files\Crypto Pro\AppCompat\cpadvai.dll
0x00000000753d0000 - 0x00000000753d6000 	C:\Program Files\Common Files\Crypto Pro\AppCompat\detoured.dll
0x00007ffbc1e10000 - 0x00007ffbc1e44000 	C:\Windows\system32\rsaenh.dll
0x00007ffbc2ff0000 - 0x00007ffbc3017000 	C:\Windows\System32\bcrypt.dll
0x00007ffbc2bf0000 - 0x00007ffbc2c1e000 	C:\Windows\SYSTEM32\USERENV.dll
0x00007ffbc26e0000 - 0x00007ffbc26ec000 	C:\Windows\SYSTEM32\CRYPTBASE.dll
0x00007ffbc2190000 - 0x00007ffbc21cb000 	C:\Windows\SYSTEM32\IPHLPAPI.DLL
0x00007ffbc3c10000 - 0x00007ffbc3c18000 	C:\Windows\System32\NSI.dll
0x00007ffbb90b0000 - 0x00007ffbb90c7000 	C:\Windows\SYSTEM32\dhcpcsvc6.DLL
0x00007ffbb9090000 - 0x00007ffbb90ad000 	C:\Windows\SYSTEM32\dhcpcsvc.DLL
0x00007ffbc21e0000 - 0x00007ffbc22ab000 	C:\Windows\SYSTEM32\DNSAPI.dll
0x00007ffbc1c90000 - 0x00007ffbc1cc3000 	C:\Windows\SYSTEM32\ntmarta.dll
0x00007ffbb0bf0000 - 0x00007ffbb0c0e000 	C:\Users\Admin\AppData\Local\Temp\native-platform2850748812089096051dir\native-platform.dll
0x00007ffbb0be0000 - 0x00007ffbb0be8000 	C:\Program Files\Android\Android Studio\jre\bin\rmi.dll

dbghelp: loaded successfully - version: 4.0.5 - missing functions: none
symbol engine: initialized successfully - sym options: 0x614 - pdb path: .;C:\Program Files\Android\Android Studio\jre\bin;C:\Windows\SYSTEM32;C:\Windows\WinSxS\amd64_microsoft.windows.common-controls_6595b64144ccf1df_6.0.19041.488_none_ca04af081b815d21;C:\Program Files\Android\Android Studio\jre\bin\server;C:\Users\Admin\.gradle\native\8bec1ad78214c89d9ad589b4d07fe93259594b29d510b10fafb7a158f7737e5d\windows-amd64;C:\Users\Admin\.gradle\native\53dbd7edfb1c66fb8903c78663c9afc45aea4f116125fa6feffd364cf09443e8\windows-amd64;C:\Program Files\Common Files\Crypto Pro\AppCompat;C:\Users\Admin\AppData\Local\Temp\native-platform2850748812089096051dir

VM Arguments:
jvm_args: --add-opens=java.base/java.util=ALL-UNNAMED --add-opens=java.base/java.lang=ALL-UNNAMED --add-opens=java.base/java.lang.invoke=ALL-UNNAMED --add-opens=java.base/java.util=ALL-UNNAMED --add-opens=java.prefs/java.util.prefs=ALL-UNNAMED --add-opens=java.prefs/java.util.prefs=ALL-UNNAMED --add-opens=java.base/java.nio.charset=ALL-UNNAMED --add-opens=java.base/java.net=ALL-UNNAMED --add-opens=java.base/java.util.concurrent.atomic=ALL-UNNAMED -Xmx2048m -Dfile.encoding=UTF-8 -Duser.country -Duser.language=en -Duser.variant 
java_command: org.gradle.launcher.daemon.bootstrap.GradleDaemon 7.0.2
java_class_path (initial): C:\Users\Admin\.gradle\wrapper\dists\gradle-7.0.2-bin\857tjihv64xamwrf0h14cai3r\gradle-7.0.2\lib\gradle-launcher-7.0.2.jar
Launcher Type: SUN_STANDARD

[Global flags]
     intx CICompilerCount                          = 3                                         {product} {ergonomic}
     uint ConcGCThreads                            = 1                                         {product} {ergonomic}
     uint G1ConcRefinementThreads                  = 4                                         {product} {ergonomic}
   size_t G1HeapRegionSize                         = 1048576                                   {product} {ergonomic}
    uintx GCDrainStackTargetSize                   = 64                                        {product} {ergonomic}
   size_t InitialHeapSize                          = 134217728                                 {product} {ergonomic}
   size_t MarkStackSize                            = 4194304                                   {product} {ergonomic}
   size_t MaxHeapSize                              = 2147483648                                {product} {command line}
   size_t MaxNewSize                               = 1287651328                                {product} {ergonomic}
   size_t MinHeapDeltaBytes                        = 1048576                                   {product} {ergonomic}
    uintx NonNMethodCodeHeapSize                   = 5830732                                {pd product} {ergonomic}
    uintx NonProfiledCodeHeapSize                  = 122913754                              {pd product} {ergonomic}
    uintx ProfiledCodeHeapSize                     = 122913754                              {pd product} {ergonomic}
    uintx ReservedCodeCacheSize                    = 251658240                              {pd product} {ergonomic}
     bool SegmentedCodeCache                       = true                                      {product} {ergonomic}
     bool UseCompressedClassPointers               = true                                 {lp64_product} {ergonomic}
     bool UseCompressedOops                        = true                                 {lp64_product} {ergonomic}
     bool UseG1GC                                  = true                                      {product} {ergonomic}
     bool UseLargePagesIndividualAllocation        = false                                  {pd product} {ergonomic}

Logging:
Log output configuration:
 #0: stdout all=warning uptime,level,tags
 #1: stderr all=off uptime,level,tags

Environment Variables:
PATH=C:\Program Files\Common Files\Oracle\Java\javapath;C:\Windows\system32;C:\Windows;C:\Windows\System32\Wbem;C:\Windows\System32\WindowsPowerShell\v1.0\;C:\Windows\System32\OpenSSH\;C:\Program Files\Git\cmd;C:\Users\Admin\AppData\Local\Microsoft\WindowsApps;C:\flutter\bin;C:\dart-sdk\bin;
USERNAME=Admin
OS=Windows_NT
PROCESSOR_IDENTIFIER=Intel64 Family 6 Model 42 Stepping 7, GenuineIntel



---------------  S Y S T E M  ---------------

OS: Windows 10 , 64 bit Build 19041 (10.0.19041.546)
OS uptime: 1 days 23:07 hours

CPU:total 4 (initial active 4) (2 cores per cpu, 2 threads per core) family 6 model 42 stepping 7 microcode 0x2f, cmov, cx8, fxsr, mmx, sse, sse2, sse3, ssse3, sse4.1, sse4.2, popcnt, avx, aes, clmul, ht, tsc, tscinvbit

Memory: 4k page, system-wide physical 8075M (437M free)
TotalPageFile size 10123M (AvailPageFile size 36M)
current process WorkingSet (physical memory assigned to process): 811M, peak: 818M
current process commit charge ("private bytes"): 849M, peak: 909M

vm_info: OpenJDK 64-Bit Server VM (11.0.10+0-b96-7249189) for windows-amd64 JRE (11.0.10+0-b96-7249189), built on Mar 31 2021 21:44:00 by "builder" with MS VC++ 14.0 (VS2015)

END.
